mode: set
github.com/konveyor-ecosystem/kantra/cmd/asset_generation/discover/cmd.go:16.57,23.45 2 1
github.com/konveyor-ecosystem/kantra/cmd/asset_generation/discover/cmd.go:23.45,24.30 1 1
github.com/konveyor-ecosystem/kantra/cmd/asset_generation/discover/cmd.go:24.30,26.5 1 1
github.com/konveyor-ecosystem/kantra/cmd/asset_generation/discover/cmd.go:26.10,28.5 1 1
github.com/konveyor-ecosystem/kantra/cmd/asset_generation/discover/cmd.go:31.2,37.12 5 1
github.com/konveyor-ecosystem/kantra/cmd/asset_generation/discover/cmd.go:40.35,42.30 2 1
github.com/konveyor-ecosystem/kantra/cmd/asset_generation/discover/cmd.go:42.30,44.3 1 1
github.com/konveyor-ecosystem/kantra/cmd/asset_generation/generate/cmd.go:9.57,13.45 1 1
github.com/konveyor-ecosystem/kantra/cmd/asset_generation/generate/cmd.go:13.45,15.4 1 1
github.com/konveyor-ecosystem/kantra/cmd/asset_generation/generate/cmd.go:17.2,19.12 2 1
github.com/konveyor-ecosystem/kantra/cmd/root.go:37.60,41.3 1 1
github.com/konveyor-ecosystem/kantra/cmd/root.go:44.13,60.2 13 1
github.com/konveyor-ecosystem/kantra/cmd/root.go:64.16,66.16 2 0
github.com/konveyor-ecosystem/kantra/cmd/root.go:66.16,68.3 1 0
github.com/konveyor-ecosystem/kantra/cmd/root.go:70.2,75.16 5 0
github.com/konveyor-ecosystem/kantra/cmd/root.go:75.16,77.3 1 0
github.com/konveyor-ecosystem/kantra/cmd/version.go:15.41,20.48 1 1
github.com/konveyor-ecosystem/kantra/cmd/version.go:20.48,25.11 5 1
github.com/konveyor-ecosystem/kantra/cmd/version.go:26.20,27.62 1 1
github.com/konveyor-ecosystem/kantra/cmd/version.go:28.40,28.40 0 1
github.com/konveyor-ecosystem/kantra/cmd/version.go:30.12,31.86 1 1
github.com/konveyor-ecosystem/kantra/cmd/version.go:35.2,35.19 1 1
github.com/konveyor-ecosystem/kantra/cmd/version.go:43.40,46.16 3 1
github.com/konveyor-ecosystem/kantra/cmd/version.go:46.16,48.3 1 0
github.com/konveyor-ecosystem/kantra/cmd/version.go:49.2,50.16 2 1
github.com/konveyor-ecosystem/kantra/cmd/version.go:50.16,51.56 1 1
github.com/konveyor-ecosystem/kantra/cmd/version.go:51.56,53.4 1 1
github.com/konveyor-ecosystem/kantra/cmd/version.go:54.3,54.28 1 0
github.com/konveyor-ecosystem/kantra/cmd/version.go:56.2,56.37 1 1
github.com/konveyor-ecosystem/kantra/cmd/version.go:56.37,58.3 1 1
github.com/konveyor-ecosystem/kantra/cmd/version.go:59.2,59.40 1 1
github.com/konveyor-ecosystem/kantra/cmd/version.go:59.40,61.3 1 1
github.com/konveyor-ecosystem/kantra/cmd/version.go:63.2,64.16 2 1
github.com/konveyor-ecosystem/kantra/cmd/version.go:64.16,66.3 1 1
github.com/konveyor-ecosystem/kantra/cmd/version.go:67.2,67.55 1 0
github.com/konveyor-ecosystem/kantra/cmd/version.go:67.55,69.3 1 0
github.com/konveyor-ecosystem/kantra/cmd/version.go:70.2,70.27 1 0
github.com/konveyor-ecosystem/kantra/cmd/asset_generation/discover/cloud_foundry/cmd.go:39.79,45.58 2 1
github.com/konveyor-ecosystem/kantra/cmd/asset_generation/discover/cloud_foundry/cmd.go:45.58,46.47 1 1
github.com/konveyor-ecosystem/kantra/cmd/asset_generation/discover/cloud_foundry/cmd.go:46.47,48.5 1 0
github.com/konveyor-ecosystem/kantra/cmd/asset_generation/discover/cloud_foundry/cmd.go:51.4,51.33 1 1
github.com/konveyor-ecosystem/kantra/cmd/asset_generation/discover/cloud_foundry/cmd.go:51.33,53.5 1 1
github.com/konveyor-ecosystem/kantra/cmd/asset_generation/discover/cloud_foundry/cmd.go:55.4,55.15 1 1
github.com/konveyor-ecosystem/kantra/cmd/asset_generation/discover/cloud_foundry/cmd.go:55.15,56.27 1 1
github.com/konveyor-ecosystem/kantra/cmd/asset_generation/discover/cloud_foundry/cmd.go:56.27,58.20 2 1
github.com/konveyor-ecosystem/kantra/cmd/asset_generation/discover/cloud_foundry/cmd.go:58.20,60.7 1 1
github.com/konveyor-ecosystem/kantra/cmd/asset_generation/discover/cloud_foundry/cmd.go:63.5,63.23 1 1
github.com/konveyor-ecosystem/kantra/cmd/asset_generation/discover/cloud_foundry/cmd.go:63.23,65.6 1 1
github.com/konveyor-ecosystem/kantra/cmd/asset_generation/discover/cloud_foundry/cmd.go:66.5,66.15 1 1
github.com/konveyor-ecosystem/kantra/cmd/asset_generation/discover/cloud_foundry/cmd.go:68.4,68.19 1 1
github.com/konveyor-ecosystem/kantra/cmd/asset_generation/discover/cloud_foundry/cmd.go:68.19,70.5 1 1
github.com/konveyor-ecosystem/kantra/cmd/asset_generation/discover/cloud_foundry/cmd.go:72.4,72.14 1 1
github.com/konveyor-ecosystem/kantra/cmd/asset_generation/discover/cloud_foundry/cmd.go:74.55,75.52 1 1
github.com/konveyor-ecosystem/kantra/cmd/asset_generation/discover/cloud_foundry/cmd.go:75.52,77.5 1 1
github.com/konveyor-ecosystem/kantra/cmd/asset_generation/discover/cloud_foundry/cmd.go:79.4,80.18 2 1
github.com/konveyor-ecosystem/kantra/cmd/asset_generation/discover/cloud_foundry/cmd.go:80.18,82.5 1 1
github.com/konveyor-ecosystem/kantra/cmd/asset_generation/discover/cloud_foundry/cmd.go:84.4,84.16 1 1
github.com/konveyor-ecosystem/kantra/cmd/asset_generation/discover/cloud_foundry/cmd.go:84.16,86.5 1 0
github.com/konveyor-ecosystem/kantra/cmd/asset_generation/discover/cloud_foundry/cmd.go:87.4,87.49 1 1
github.com/konveyor-ecosystem/kantra/cmd/asset_generation/discover/cloud_foundry/cmd.go:90.2,109.49 17 1
github.com/konveyor-ecosystem/kantra/cmd/asset_generation/discover/cloud_foundry/cmd.go:112.38,113.21 1 1
github.com/konveyor-ecosystem/kantra/cmd/asset_generation/discover/cloud_foundry/cmd.go:113.21,115.3 1 1
github.com/konveyor-ecosystem/kantra/cmd/asset_generation/discover/cloud_foundry/cmd.go:116.2,116.37 1 1
github.com/konveyor-ecosystem/kantra/cmd/asset_generation/discover/cloud_foundry/cmd.go:119.65,120.14 1 1
github.com/konveyor-ecosystem/kantra/cmd/asset_generation/discover/cloud_foundry/cmd.go:120.14,122.3 1 1
github.com/konveyor-ecosystem/kantra/cmd/asset_generation/discover/cloud_foundry/cmd.go:123.2,123.29 1 1
github.com/konveyor-ecosystem/kantra/cmd/asset_generation/discover/cloud_foundry/cmd.go:126.83,127.13 1 1
github.com/konveyor-ecosystem/kantra/cmd/asset_generation/discover/cloud_foundry/cmd.go:127.13,129.3 1 1
github.com/konveyor-ecosystem/kantra/cmd/asset_generation/discover/cloud_foundry/cmd.go:130.2,130.42 1 1
github.com/konveyor-ecosystem/kantra/cmd/asset_generation/discover/cloud_foundry/cmd.go:133.78,135.16 2 1
github.com/konveyor-ecosystem/kantra/cmd/asset_generation/discover/cloud_foundry/cmd.go:135.16,137.3 1 1
github.com/konveyor-ecosystem/kantra/cmd/asset_generation/discover/cloud_foundry/cmd.go:140.2,140.27 1 1
github.com/konveyor-ecosystem/kantra/cmd/asset_generation/discover/cloud_foundry/cmd.go:140.27,141.76 1 1
github.com/konveyor-ecosystem/kantra/cmd/asset_generation/discover/cloud_foundry/cmd.go:141.76,143.4 1 1
github.com/konveyor-ecosystem/kantra/cmd/asset_generation/discover/cloud_foundry/cmd.go:146.2,146.56 1 1
github.com/konveyor-ecosystem/kantra/cmd/asset_generation/discover/cloud_foundry/cmd.go:146.56,148.3 1 1
github.com/konveyor-ecosystem/kantra/cmd/asset_generation/discover/cloud_foundry/cmd.go:150.2,150.12 1 1
github.com/konveyor-ecosystem/kantra/cmd/asset_generation/discover/cloud_foundry/cmd.go:152.67,154.16 2 1
github.com/konveyor-ecosystem/kantra/cmd/asset_generation/discover/cloud_foundry/cmd.go:154.16,156.3 1 1
github.com/konveyor-ecosystem/kantra/cmd/asset_generation/discover/cloud_foundry/cmd.go:157.2,157.46 1 1
github.com/konveyor-ecosystem/kantra/cmd/asset_generation/discover/cloud_foundry/cmd.go:157.46,159.17 2 1
github.com/konveyor-ecosystem/kantra/cmd/asset_generation/discover/cloud_foundry/cmd.go:159.17,162.4 2 0
github.com/konveyor-ecosystem/kantra/cmd/asset_generation/discover/cloud_foundry/cmd.go:163.3,165.17 3 1
github.com/konveyor-ecosystem/kantra/cmd/asset_generation/discover/cloud_foundry/cmd.go:165.17,167.4 1 1
github.com/konveyor-ecosystem/kantra/cmd/asset_generation/discover/cloud_foundry/cmd.go:168.3,168.57 1 1
github.com/konveyor-ecosystem/kantra/cmd/asset_generation/discover/cloud_foundry/cmd.go:168.57,170.4 1 0
github.com/konveyor-ecosystem/kantra/cmd/asset_generation/discover/cloud_foundry/cmd.go:172.2,172.12 1 1
github.com/konveyor-ecosystem/kantra/cmd/asset_generation/discover/cloud_foundry/cmd.go:175.68,185.45 3 1
github.com/konveyor-ecosystem/kantra/cmd/asset_generation/discover/cloud_foundry/cmd.go:185.45,186.47 1 1
github.com/konveyor-ecosystem/kantra/cmd/asset_generation/discover/cloud_foundry/cmd.go:186.47,188.4 1 1
github.com/konveyor-ecosystem/kantra/cmd/asset_generation/discover/cloud_foundry/cmd.go:190.3,190.34 1 1
github.com/konveyor-ecosystem/kantra/cmd/asset_generation/discover/cloud_foundry/cmd.go:190.34,192.11 2 1
github.com/konveyor-ecosystem/kantra/cmd/asset_generation/discover/cloud_foundry/cmd.go:192.11,194.5 1 1
github.com/konveyor-ecosystem/kantra/cmd/asset_generation/discover/cloud_foundry/cmd.go:196.4,197.23 2 1
github.com/konveyor-ecosystem/kantra/cmd/asset_generation/discover/cloud_foundry/cmd.go:197.23,199.5 1 1
github.com/konveyor-ecosystem/kantra/cmd/asset_generation/discover/cloud_foundry/cmd.go:201.4,201.89 1 1
github.com/konveyor-ecosystem/kantra/cmd/asset_generation/discover/cloud_foundry/cmd.go:206.2,206.41 1 1
github.com/konveyor-ecosystem/kantra/cmd/asset_generation/discover/cloud_foundry/cmd.go:206.41,208.39 2 1
github.com/konveyor-ecosystem/kantra/cmd/asset_generation/discover/cloud_foundry/cmd.go:208.39,210.33 2 1
github.com/konveyor-ecosystem/kantra/cmd/asset_generation/discover/cloud_foundry/cmd.go:210.33,212.5 1 1
github.com/konveyor-ecosystem/kantra/cmd/asset_generation/discover/cloud_foundry/cmd.go:215.2,215.12 1 1
github.com/konveyor-ecosystem/kantra/cmd/asset_generation/discover/cloud_foundry/cmd.go:218.74,219.13 1 1
github.com/konveyor-ecosystem/kantra/cmd/asset_generation/discover/cloud_foundry/cmd.go:219.13,221.3 1 0
github.com/konveyor-ecosystem/kantra/cmd/asset_generation/discover/cloud_foundry/cmd.go:222.2,222.31 1 1
github.com/konveyor-ecosystem/kantra/cmd/asset_generation/discover/cloud_foundry/cmd.go:225.45,227.16 2 1
github.com/konveyor-ecosystem/kantra/cmd/asset_generation/discover/cloud_foundry/cmd.go:227.16,229.3 1 1
github.com/konveyor-ecosystem/kantra/cmd/asset_generation/discover/cloud_foundry/cmd.go:231.2,231.46 1 1
github.com/konveyor-ecosystem/kantra/cmd/asset_generation/discover/cloud_foundry/cmd.go:231.46,233.17 2 1
github.com/konveyor-ecosystem/kantra/cmd/asset_generation/discover/cloud_foundry/cmd.go:233.17,236.4 2 0
github.com/konveyor-ecosystem/kantra/cmd/asset_generation/discover/cloud_foundry/cmd.go:238.3,239.17 2 1
github.com/konveyor-ecosystem/kantra/cmd/asset_generation/discover/cloud_foundry/cmd.go:239.17,241.4 1 1
github.com/konveyor-ecosystem/kantra/cmd/asset_generation/discover/cloud_foundry/cmd.go:243.3,243.43 1 1
github.com/konveyor-ecosystem/kantra/cmd/asset_generation/discover/cloud_foundry/cmd.go:243.43,245.18 2 1
github.com/konveyor-ecosystem/kantra/cmd/asset_generation/discover/cloud_foundry/cmd.go:245.18,247.5 1 0
github.com/konveyor-ecosystem/kantra/cmd/asset_generation/discover/cloud_foundry/cmd.go:250.2,250.12 1 1
github.com/konveyor-ecosystem/kantra/cmd/asset_generation/discover/cloud_foundry/cmd.go:253.63,254.30 1 1
github.com/konveyor-ecosystem/kantra/cmd/asset_generation/discover/cloud_foundry/cmd.go:254.30,256.3 1 1
github.com/konveyor-ecosystem/kantra/cmd/asset_generation/discover/cloud_foundry/cmd.go:258.2,259.23 2 1
github.com/konveyor-ecosystem/kantra/cmd/asset_generation/discover/cloud_foundry/cmd.go:259.23,261.3 1 1
github.com/konveyor-ecosystem/kantra/cmd/asset_generation/discover/cloud_foundry/cmd.go:263.2,265.24 3 1
github.com/konveyor-ecosystem/kantra/cmd/asset_generation/discover/cloud_foundry/cmd.go:265.24,267.3 1 1
github.com/konveyor-ecosystem/kantra/cmd/asset_generation/discover/cloud_foundry/cmd.go:267.8,269.3 1 0
github.com/konveyor-ecosystem/kantra/cmd/asset_generation/discover/cloud_foundry/cmd.go:270.2,270.16 1 1
github.com/konveyor-ecosystem/kantra/cmd/asset_generation/discover/cloud_foundry/cmd.go:270.16,272.3 1 1
github.com/konveyor-ecosystem/kantra/cmd/asset_generation/discover/cloud_foundry/cmd.go:275.2,275.20 1 0
github.com/konveyor-ecosystem/kantra/cmd/asset_generation/discover/cloud_foundry/cmd.go:275.20,277.3 1 0
github.com/konveyor-ecosystem/kantra/cmd/asset_generation/discover/cloud_foundry/cmd.go:278.2,278.22 1 0
github.com/konveyor-ecosystem/kantra/cmd/asset_generation/discover/cloud_foundry/cmd.go:278.22,279.21 1 0
github.com/konveyor-ecosystem/kantra/cmd/asset_generation/discover/cloud_foundry/cmd.go:279.21,281.4 1 0
github.com/konveyor-ecosystem/kantra/cmd/asset_generation/discover/cloud_foundry/cmd.go:281.9,283.4 1 0
github.com/konveyor-ecosystem/kantra/cmd/asset_generation/discover/cloud_foundry/cmd.go:286.2,293.16 3 0
github.com/konveyor-ecosystem/kantra/cmd/asset_generation/discover/cloud_foundry/cmd.go:293.16,295.3 1 0
github.com/konveyor-ecosystem/kantra/cmd/asset_generation/discover/cloud_foundry/cmd.go:296.2,296.15 1 0
github.com/konveyor-ecosystem/kantra/cmd/asset_generation/discover/cloud_foundry/cmd.go:299.70,301.16 2 1
github.com/konveyor-ecosystem/kantra/cmd/asset_generation/discover/cloud_foundry/cmd.go:301.16,303.3 1 1
github.com/konveyor-ecosystem/kantra/cmd/asset_generation/discover/cloud_foundry/cmd.go:306.2,306.27 1 1
github.com/konveyor-ecosystem/kantra/cmd/asset_generation/discover/cloud_foundry/cmd.go:306.27,307.73 1 1
github.com/konveyor-ecosystem/kantra/cmd/asset_generation/discover/cloud_foundry/cmd.go:307.73,309.4 1 1
github.com/konveyor-ecosystem/kantra/cmd/asset_generation/discover/cloud_foundry/cmd.go:313.2,313.45 1 1
github.com/konveyor-ecosystem/kantra/cmd/asset_generation/discover/cloud_foundry/cmd.go:313.45,314.24 1 1
github.com/konveyor-ecosystem/kantra/cmd/asset_generation/discover/cloud_foundry/cmd.go:314.24,315.12 1 1
github.com/konveyor-ecosystem/kantra/cmd/asset_generation/discover/cloud_foundry/cmd.go:318.3,320.41 2 1
github.com/konveyor-ecosystem/kantra/cmd/asset_generation/discover/cloud_foundry/cmd.go:320.41,322.11 2 1
github.com/konveyor-ecosystem/kantra/cmd/asset_generation/discover/cloud_foundry/cmd.go:322.11,324.5 1 1
github.com/konveyor-ecosystem/kantra/cmd/asset_generation/discover/cloud_foundry/cmd.go:326.4,326.50 1 1
github.com/konveyor-ecosystem/kantra/cmd/asset_generation/discover/cloud_foundry/cmd.go:326.50,329.13 2 1
github.com/konveyor-ecosystem/kantra/cmd/asset_generation/discover/cloud_foundry/cmd.go:332.4,335.18 3 1
github.com/konveyor-ecosystem/kantra/cmd/asset_generation/discover/cloud_foundry/cmd.go:335.18,337.5 1 1
github.com/konveyor-ecosystem/kantra/cmd/asset_generation/discover/cloud_foundry/cmd.go:338.4,339.18 2 1
github.com/konveyor-ecosystem/kantra/cmd/asset_generation/discover/cloud_foundry/cmd.go:339.18,341.5 1 0
github.com/konveyor-ecosystem/kantra/cmd/asset_generation/discover/cloud_foundry/cmd.go:344.2,344.12 1 1
github.com/konveyor-ecosystem/kantra/cmd/asset_generation/discover/cloud_foundry/cmd.go:347.56,350.16 3 1
github.com/konveyor-ecosystem/kantra/cmd/asset_generation/discover/cloud_foundry/cmd.go:350.16,353.3 2 1
github.com/konveyor-ecosystem/kantra/cmd/asset_generation/discover/cloud_foundry/cmd.go:355.2,355.19 1 1
github.com/konveyor-ecosystem/kantra/cmd/asset_generation/discover/cloud_foundry/cmd.go:355.19,357.17 2 1
github.com/konveyor-ecosystem/kantra/cmd/asset_generation/discover/cloud_foundry/cmd.go:357.17,360.4 2 0
github.com/konveyor-ecosystem/kantra/cmd/asset_generation/discover/cloud_foundry/cmd.go:362.3,362.38 1 1
github.com/konveyor-ecosystem/kantra/cmd/asset_generation/discover/cloud_foundry/cmd.go:362.38,363.28 1 1
github.com/konveyor-ecosystem/kantra/cmd/asset_generation/discover/cloud_foundry/cmd.go:363.28,365.13 2 1
github.com/konveyor-ecosystem/kantra/cmd/asset_generation/discover/cloud_foundry/cmd.go:367.4,367.86 1 1
github.com/konveyor-ecosystem/kantra/cmd/asset_generation/discover/cloud_foundry/cmd.go:369.8,371.3 1 1
github.com/konveyor-ecosystem/kantra/cmd/asset_generation/discover/cloud_foundry/cmd.go:372.2,372.28 1 1
github.com/konveyor-ecosystem/kantra/cmd/asset_generation/discover/cloud_foundry/cmd.go:375.89,380.2 2 1
github.com/konveyor-ecosystem/kantra/cmd/asset_generation/discover/cloud_foundry/cmd.go:382.87,384.40 1 1
github.com/konveyor-ecosystem/kantra/cmd/asset_generation/discover/cloud_foundry/cmd.go:384.40,386.10 2 1
github.com/konveyor-ecosystem/kantra/cmd/asset_generation/discover/cloud_foundry/cmd.go:386.10,388.4 1 1
github.com/konveyor-ecosystem/kantra/cmd/asset_generation/discover/cloud_foundry/cmd.go:389.3,389.49 1 1
github.com/konveyor-ecosystem/kantra/cmd/asset_generation/discover/cloud_foundry/cmd.go:389.49,390.12 1 1
github.com/konveyor-ecosystem/kantra/cmd/asset_generation/discover/cloud_foundry/cmd.go:392.3,393.17 2 1
github.com/konveyor-ecosystem/kantra/cmd/asset_generation/discover/cloud_foundry/cmd.go:393.17,395.4 1 1
github.com/konveyor-ecosystem/kantra/cmd/asset_generation/discover/cloud_foundry/cmd.go:397.3,398.17 2 1
github.com/konveyor-ecosystem/kantra/cmd/asset_generation/discover/cloud_foundry/cmd.go:398.17,400.4 1 0
github.com/konveyor-ecosystem/kantra/cmd/asset_generation/discover/cloud_foundry/cmd.go:402.2,402.12 1 1
github.com/konveyor-ecosystem/kantra/cmd/asset_generation/discover/cloud_foundry/cmd.go:405.146,407.21 2 1
github.com/konveyor-ecosystem/kantra/cmd/asset_generation/discover/cloud_foundry/cmd.go:407.21,409.3 1 1
github.com/konveyor-ecosystem/kantra/cmd/asset_generation/discover/cloud_foundry/cmd.go:410.2,410.19 1 1
github.com/konveyor-ecosystem/kantra/cmd/asset_generation/discover/cloud_foundry/cmd.go:410.19,412.3 1 1
github.com/konveyor-ecosystem/kantra/cmd/asset_generation/discover/cloud_foundry/cmd.go:413.2,422.16 5 1
github.com/konveyor-ecosystem/kantra/cmd/asset_generation/discover/cloud_foundry/cmd.go:422.16,424.3 1 0
github.com/konveyor-ecosystem/kantra/cmd/asset_generation/discover/cloud_foundry/cmd.go:425.2,426.16 2 1
github.com/konveyor-ecosystem/kantra/cmd/asset_generation/discover/cloud_foundry/cmd.go:426.16,428.3 1 0
github.com/konveyor-ecosystem/kantra/cmd/asset_generation/discover/cloud_foundry/cmd.go:430.2,430.21 1 1
github.com/konveyor-ecosystem/kantra/cmd/asset_generation/discover/cloud_foundry/cmd.go:430.21,431.53 1 1
github.com/konveyor-ecosystem/kantra/cmd/asset_generation/discover/cloud_foundry/cmd.go:431.53,433.4 1 1
github.com/konveyor-ecosystem/kantra/cmd/asset_generation/discover/cloud_foundry/cmd.go:434.3,436.74 3 1
github.com/konveyor-ecosystem/kantra/cmd/asset_generation/discover/cloud_foundry/cmd.go:436.74,438.4 1 0
github.com/konveyor-ecosystem/kantra/cmd/asset_generation/discover/cloud_foundry/cmd.go:439.8,442.37 2 1
github.com/konveyor-ecosystem/kantra/cmd/asset_generation/discover/cloud_foundry/cmd.go:442.37,444.4 1 1
github.com/konveyor-ecosystem/kantra/cmd/asset_generation/discover/cloud_foundry/cmd.go:445.3,445.66 1 1
github.com/konveyor-ecosystem/kantra/cmd/asset_generation/discover/cloud_foundry/cmd.go:449.2,449.34 1 1
github.com/konveyor-ecosystem/kantra/cmd/asset_generation/discover/cloud_foundry/cmd.go:449.34,451.17 2 1
github.com/konveyor-ecosystem/kantra/cmd/asset_generation/discover/cloud_foundry/cmd.go:451.17,453.4 1 0
github.com/konveyor-ecosystem/kantra/cmd/asset_generation/discover/cloud_foundry/cmd.go:455.3,457.36 2 1
github.com/konveyor-ecosystem/kantra/cmd/asset_generation/discover/cloud_foundry/cmd.go:457.36,458.23 1 1
github.com/konveyor-ecosystem/kantra/cmd/asset_generation/discover/cloud_foundry/cmd.go:458.23,461.72 3 1
github.com/konveyor-ecosystem/kantra/cmd/asset_generation/discover/cloud_foundry/cmd.go:461.72,463.6 1 0
github.com/konveyor-ecosystem/kantra/cmd/asset_generation/discover/cloud_foundry/cmd.go:464.10,467.5 1 1
github.com/konveyor-ecosystem/kantra/cmd/asset_generation/discover/cloud_foundry/cmd.go:470.2,470.12 1 1
github.com/konveyor-ecosystem/kantra/cmd/asset_generation/discover/cloud_foundry/cmd.go:473.48,475.2 1 1
github.com/konveyor-ecosystem/kantra/cmd/asset_generation/discover/cloud_foundry/cmd.go:478.60,482.16 3 1
github.com/konveyor-ecosystem/kantra/cmd/asset_generation/discover/cloud_foundry/cmd.go:482.16,484.3 1 0
github.com/konveyor-ecosystem/kantra/cmd/asset_generation/discover/cloud_foundry/cmd.go:485.2,486.20 2 1
github.com/konveyor-ecosystem/kantra/cmd/asset_generation/discover/cloud_foundry/mocks.go:12.74,13.27 1 1
github.com/konveyor-ecosystem/kantra/cmd/asset_generation/discover/cloud_foundry/mocks.go:13.27,15.3 1 1
github.com/konveyor-ecosystem/kantra/cmd/asset_generation/discover/cloud_foundry/mocks.go:16.2,16.17 1 0
github.com/konveyor-ecosystem/kantra/cmd/asset_generation/discover/cloud_foundry/mocks.go:19.61,20.27 1 1
github.com/konveyor-ecosystem/kantra/cmd/asset_generation/discover/cloud_foundry/mocks.go:20.27,22.3 1 1
github.com/konveyor-ecosystem/kantra/cmd/asset_generation/discover/cloud_foundry/mocks.go:23.2,23.17 1 0
github.com/konveyor-ecosystem/kantra/cmd/analyze/analyze.go:68.52,77.58 3 1
github.com/konveyor-ecosystem/kantra/cmd/analyze/analyze.go:77.58,83.48 1 0
github.com/konveyor-ecosystem/kantra/cmd/analyze/analyze.go:83.48,86.55 3 0
github.com/konveyor-ecosystem/kantra/cmd/analyze/analyze.go:86.55,88.6 1 0
github.com/konveyor-ecosystem/kantra/cmd/analyze/analyze.go:90.4,90.52 1 0
github.com/konveyor-ecosystem/kantra/cmd/analyze/analyze.go:90.52,92.5 1 0
github.com/konveyor-ecosystem/kantra/cmd/analyze/analyze.go:93.4,94.18 2 0
github.com/konveyor-ecosystem/kantra/cmd/analyze/analyze.go:94.18,97.5 2 0
github.com/konveyor-ecosystem/kantra/cmd/analyze/analyze.go:98.4,102.18 4 0
github.com/konveyor-ecosystem/kantra/cmd/analyze/analyze.go:102.18,104.5 1 0
github.com/konveyor-ecosystem/kantra/cmd/analyze/analyze.go:105.4,105.58 1 0
github.com/konveyor-ecosystem/kantra/cmd/analyze/analyze.go:105.58,107.5 1 0
github.com/konveyor-ecosystem/kantra/cmd/analyze/analyze.go:108.4,108.36 1 0
github.com/konveyor-ecosystem/kantra/cmd/analyze/analyze.go:108.36,110.88 2 0
github.com/konveyor-ecosystem/kantra/cmd/analyze/analyze.go:110.88,113.6 2 0
github.com/konveyor-ecosystem/kantra/cmd/analyze/analyze.go:116.4,117.18 2 0
github.com/konveyor-ecosystem/kantra/cmd/analyze/analyze.go:117.18,120.5 2 0
github.com/konveyor-ecosystem/kantra/cmd/analyze/analyze.go:121.4,121.14 1 0
github.com/konveyor-ecosystem/kantra/cmd/analyze/analyze.go:123.55,124.66 1 0
github.com/konveyor-ecosystem/kantra/cmd/analyze/analyze.go:124.66,126.5 1 0
github.com/konveyor-ecosystem/kantra/cmd/analyze/analyze.go:127.4,127.65 1 0
github.com/konveyor-ecosystem/kantra/cmd/analyze/analyze.go:127.65,129.5 1 0
github.com/konveyor-ecosystem/kantra/cmd/analyze/analyze.go:130.4,133.32 3 0
github.com/konveyor-ecosystem/kantra/cmd/analyze/analyze.go:133.32,136.5 2 0
github.com/konveyor-ecosystem/kantra/cmd/analyze/analyze.go:139.4,139.32 1 0
github.com/konveyor-ecosystem/kantra/cmd/analyze/analyze.go:139.32,141.5 1 0
github.com/konveyor-ecosystem/kantra/cmd/analyze/analyze.go:143.4,143.56 1 0
github.com/konveyor-ecosystem/kantra/cmd/analyze/analyze.go:143.56,145.28 1 0
github.com/konveyor-ecosystem/kantra/cmd/analyze/analyze.go:145.28,147.20 2 0
github.com/konveyor-ecosystem/kantra/cmd/analyze/analyze.go:147.20,150.7 2 0
github.com/konveyor-ecosystem/kantra/cmd/analyze/analyze.go:151.6,151.16 1 0
github.com/konveyor-ecosystem/kantra/cmd/analyze/analyze.go:154.5,155.19 2 0
github.com/konveyor-ecosystem/kantra/cmd/analyze/analyze.go:155.19,158.6 2 0
github.com/konveyor-ecosystem/kantra/cmd/analyze/analyze.go:159.5,159.15 1 0
github.com/konveyor-ecosystem/kantra/cmd/analyze/analyze.go:164.4,165.18 2 0
github.com/konveyor-ecosystem/kantra/cmd/analyze/analyze.go:165.18,167.5 1 0
github.com/konveyor-ecosystem/kantra/cmd/analyze/analyze.go:168.4,173.18 5 0
github.com/konveyor-ecosystem/kantra/cmd/analyze/analyze.go:173.18,176.5 2 0
github.com/konveyor-ecosystem/kantra/cmd/analyze/analyze.go:177.4,177.32 1 0
github.com/konveyor-ecosystem/kantra/cmd/analyze/analyze.go:177.32,179.31 1 0
github.com/konveyor-ecosystem/kantra/cmd/analyze/analyze.go:179.31,182.6 2 0
github.com/konveyor-ecosystem/kantra/cmd/analyze/analyze.go:183.5,184.19 2 0
github.com/konveyor-ecosystem/kantra/cmd/analyze/analyze.go:184.19,186.6 1 0
github.com/konveyor-ecosystem/kantra/cmd/analyze/analyze.go:187.5,187.15 1 0
github.com/konveyor-ecosystem/kantra/cmd/analyze/analyze.go:190.4,192.30 2 0
github.com/konveyor-ecosystem/kantra/cmd/analyze/analyze.go:192.30,194.5 1 0
github.com/konveyor-ecosystem/kantra/cmd/analyze/analyze.go:194.10,196.19 2 0
github.com/konveyor-ecosystem/kantra/cmd/analyze/analyze.go:196.19,199.6 2 0
github.com/konveyor-ecosystem/kantra/cmd/analyze/analyze.go:200.5,201.19 2 0
github.com/konveyor-ecosystem/kantra/cmd/analyze/analyze.go:201.19,203.6 1 0
github.com/konveyor-ecosystem/kantra/cmd/analyze/analyze.go:210.4,211.77 2 0
github.com/konveyor-ecosystem/kantra/cmd/analyze/analyze.go:211.77,215.5 2 0
github.com/konveyor-ecosystem/kantra/cmd/analyze/analyze.go:219.4,222.23 3 0
github.com/konveyor-ecosystem/kantra/cmd/analyze/analyze.go:222.23,225.63 2 0
github.com/konveyor-ecosystem/kantra/cmd/analyze/analyze.go:225.63,228.6 2 0
github.com/konveyor-ecosystem/kantra/cmd/analyze/analyze.go:232.5,232.72 1 0
github.com/konveyor-ecosystem/kantra/cmd/analyze/analyze.go:232.72,234.6 1 0
github.com/konveyor-ecosystem/kantra/cmd/analyze/analyze.go:239.4,239.106 1 0
github.com/konveyor-ecosystem/kantra/cmd/analyze/analyze.go:239.106,242.5 2 0
github.com/konveyor-ecosystem/kantra/cmd/analyze/analyze.go:245.4,246.27 2 0
github.com/konveyor-ecosystem/kantra/cmd/analyze/analyze.go:246.27,248.5 1 0
github.com/konveyor-ecosystem/kantra/cmd/analyze/analyze.go:251.4,251.42 1 0
github.com/konveyor-ecosystem/kantra/cmd/analyze/analyze.go:251.42,255.33 1 0
github.com/konveyor-ecosystem/kantra/cmd/analyze/analyze.go:255.33,257.20 2 0
github.com/konveyor-ecosystem/kantra/cmd/analyze/analyze.go:257.20,259.7 1 0
github.com/konveyor-ecosystem/kantra/cmd/analyze/analyze.go:260.6,260.19 1 0
github.com/konveyor-ecosystem/kantra/cmd/analyze/analyze.go:260.19,262.7 1 0
github.com/konveyor-ecosystem/kantra/cmd/analyze/analyze.go:267.4,268.37 2 0
github.com/konveyor-ecosystem/kantra/cmd/analyze/analyze.go:268.37,269.47 1 0
github.com/konveyor-ecosystem/kantra/cmd/analyze/analyze.go:269.47,271.11 2 0
github.com/konveyor-ecosystem/kantra/cmd/analyze/analyze.go:274.4,274.93 1 0
github.com/konveyor-ecosystem/kantra/cmd/analyze/analyze.go:274.93,276.5 1 0
github.com/konveyor-ecosystem/kantra/cmd/analyze/analyze.go:278.4,284.18 5 0
github.com/konveyor-ecosystem/kantra/cmd/analyze/analyze.go:284.18,287.5 2 0
github.com/konveyor-ecosystem/kantra/cmd/analyze/analyze.go:288.4,288.14 1 0
github.com/konveyor-ecosystem/kantra/cmd/analyze/analyze.go:291.2,325.23 35 1
github.com/konveyor-ecosystem/kantra/cmd/analyze/analyze.go:328.58,329.37 1 1
github.com/konveyor-ecosystem/kantra/cmd/analyze/analyze.go:329.37,331.3 1 0
github.com/konveyor-ecosystem/kantra/cmd/analyze/analyze.go:332.2,333.16 2 1
github.com/konveyor-ecosystem/kantra/cmd/analyze/analyze.go:333.16,337.3 1 0
github.com/konveyor-ecosystem/kantra/cmd/analyze/analyze.go:338.2,338.13 1 1
github.com/konveyor-ecosystem/kantra/cmd/analyze/container_ops.go:10.73,13.28 3 1
github.com/konveyor-ecosystem/kantra/cmd/analyze/container_ops.go:13.28,14.31 1 1
github.com/konveyor-ecosystem/kantra/cmd/analyze/container_ops.go:14.31,18.4 3 1
github.com/konveyor-ecosystem/kantra/cmd/analyze/container_ops.go:19.3,19.33 1 1
github.com/konveyor-ecosystem/kantra/cmd/analyze/container_ops.go:22.2,22.32 1 1
github.com/konveyor-ecosystem/kantra/cmd/analyze/containerless.go:22.58,24.16 2 1
github.com/konveyor-ecosystem/kantra/cmd/analyze/containerless.go:24.16,26.3 1 0
github.com/konveyor-ecosystem/kantra/cmd/analyze/containerless.go:28.2,28.44 1 1
github.com/konveyor-ecosystem/kantra/cmd/analyze/containerless.go:28.44,30.3 1 1
github.com/konveyor-ecosystem/kantra/cmd/analyze/containerless.go:31.2,31.12 1 1
github.com/konveyor-ecosystem/kantra/cmd/analyze/containerless.go:34.50,36.2 1 1
github.com/konveyor-ecosystem/kantra/cmd/analyze/containerless.go:39.73,42.23 3 1
github.com/konveyor-ecosystem/kantra/cmd/analyze/containerless.go:42.23,44.3 1 1
github.com/konveyor-ecosystem/kantra/cmd/analyze/containerless.go:45.2,49.34 3 1
github.com/konveyor-ecosystem/kantra/cmd/analyze/containerless.go:49.34,51.3 1 1
github.com/konveyor-ecosystem/kantra/cmd/analyze/containerless.go:54.2,55.41 1 1
github.com/konveyor-ecosystem/kantra/cmd/analyze/containerless.go:58.114,59.24 1 1
github.com/konveyor-ecosystem/kantra/cmd/analyze/containerless.go:59.24,61.3 1 0
github.com/konveyor-ecosystem/kantra/cmd/analyze/containerless.go:63.2,68.12 5 1
github.com/konveyor-ecosystem/kantra/cmd/analyze/containerless.go:68.12,74.17 5 0
github.com/konveyor-ecosystem/kantra/cmd/analyze/containerless.go:74.17,76.4 1 0
github.com/konveyor-ecosystem/kantra/cmd/analyze/containerless.go:77.3,77.30 1 0
github.com/konveyor-ecosystem/kantra/cmd/analyze/containerless.go:77.30,84.63 6 0
github.com/konveyor-ecosystem/kantra/cmd/analyze/containerless.go:84.63,86.5 1 0
github.com/konveyor-ecosystem/kantra/cmd/analyze/containerless.go:87.4,87.41 1 0
github.com/konveyor-ecosystem/kantra/cmd/analyze/containerless.go:92.2,92.13 1 1
github.com/konveyor-ecosystem/kantra/cmd/analyze/containerless.go:92.13,94.3 1 0
github.com/konveyor-ecosystem/kantra/cmd/analyze/containerless.go:96.2,97.16 2 1
github.com/konveyor-ecosystem/kantra/cmd/analyze/containerless.go:97.16,99.3 1 0
github.com/konveyor-ecosystem/kantra/cmd/analyze/containerless.go:101.2,102.16 2 1
github.com/konveyor-ecosystem/kantra/cmd/analyze/containerless.go:102.16,104.3 1 0
github.com/konveyor-ecosystem/kantra/cmd/analyze/containerless.go:106.2,107.16 2 1
github.com/konveyor-ecosystem/kantra/cmd/analyze/containerless.go:107.16,109.3 1 0
github.com/konveyor-ecosystem/kantra/cmd/analyze/containerless.go:111.2,111.12 1 1
github.com/konveyor-ecosystem/kantra/cmd/analyze/containerless.go:114.58,115.30 1 1
github.com/konveyor-ecosystem/kantra/cmd/analyze/containerless.go:115.30,117.3 1 1
github.com/konveyor-ecosystem/kantra/cmd/analyze/containerless.go:118.2,118.52 1 1
github.com/konveyor-ecosystem/kantra/cmd/analyze/containerless.go:121.91,127.16 4 1
github.com/konveyor-ecosystem/kantra/cmd/analyze/containerless.go:127.16,129.3 1 1
github.com/konveyor-ecosystem/kantra/cmd/analyze/containerless.go:130.2,130.12 1 1
github.com/konveyor-ecosystem/kantra/cmd/analyze/containerless.go:134.102,135.24 1 1
github.com/konveyor-ecosystem/kantra/cmd/analyze/containerless.go:135.24,137.3 1 1
github.com/konveyor-ecosystem/kantra/cmd/analyze/containerless.go:138.2,141.16 4 1
github.com/konveyor-ecosystem/kantra/cmd/analyze/containerless.go:141.16,143.3 1 0
github.com/konveyor-ecosystem/kantra/cmd/analyze/containerless.go:144.2,149.45 3 1
github.com/konveyor-ecosystem/kantra/cmd/analyze/containerless.go:149.45,153.3 1 1
github.com/konveyor-ecosystem/kantra/cmd/analyze/containerless.go:153.8,153.76 1 1
github.com/konveyor-ecosystem/kantra/cmd/analyze/containerless.go:153.76,155.3 1 0
github.com/konveyor-ecosystem/kantra/cmd/analyze/containerless.go:157.2,157.12 1 1
github.com/konveyor-ecosystem/kantra/cmd/analyze/containerless.go:157.12,159.3 1 0
github.com/konveyor-ecosystem/kantra/cmd/analyze/containerless.go:161.2,162.16 2 1
github.com/konveyor-ecosystem/kantra/cmd/analyze/containerless.go:162.16,164.3 1 1
github.com/konveyor-ecosystem/kantra/cmd/analyze/containerless.go:165.2,167.16 3 1
github.com/konveyor-ecosystem/kantra/cmd/analyze/containerless.go:167.16,169.3 1 0
github.com/konveyor-ecosystem/kantra/cmd/analyze/containerless.go:170.2,173.12 3 1
github.com/konveyor-ecosystem/kantra/cmd/analyze/context.go:25.65,33.18 7 1
github.com/konveyor-ecosystem/kantra/cmd/analyze/context.go:33.18,34.19 1 1
github.com/konveyor-ecosystem/kantra/cmd/analyze/context.go:34.19,38.4 3 1
github.com/konveyor-ecosystem/kantra/cmd/analyze/context.go:41.2,41.26 1 1
github.com/konveyor-ecosystem/kantra/cmd/analyze/context.go:41.26,42.10 1 1
github.com/konveyor-ecosystem/kantra/cmd/analyze/context.go:43.16,46.23 3 1
github.com/konveyor-ecosystem/kantra/cmd/analyze/context.go:47.31,49.23 2 1
github.com/konveyor-ecosystem/kantra/cmd/analyze/context.go:50.31,52.23 2 1
github.com/konveyor-ecosystem/kantra/cmd/analyze/context.go:53.30,55.23 2 1
github.com/konveyor-ecosystem/kantra/cmd/analyze/context.go:56.53,57.11 1 1
github.com/konveyor-ecosystem/kantra/cmd/analyze/context.go:58.11,60.23 2 1
github.com/konveyor-ecosystem/kantra/cmd/analyze/context.go:64.2,64.13 1 1
github.com/konveyor-ecosystem/kantra/cmd/analyze/context.go:64.13,66.3 1 0
github.com/konveyor-ecosystem/kantra/cmd/analyze/context.go:67.2,67.26 1 1
github.com/konveyor-ecosystem/kantra/cmd/analyze/context.go:67.26,69.3 1 1
github.com/konveyor-ecosystem/kantra/cmd/analyze/context.go:70.2,71.18 2 1
github.com/konveyor-ecosystem/kantra/cmd/analyze/labels.go:21.45,33.47 4 1
github.com/konveyor-ecosystem/kantra/cmd/analyze/labels.go:33.47,35.3 1 1
github.com/konveyor-ecosystem/kantra/cmd/analyze/labels.go:36.2,37.51 2 1
github.com/konveyor-ecosystem/kantra/cmd/analyze/labels.go:37.51,39.3 1 1
github.com/konveyor-ecosystem/kantra/cmd/analyze/labels.go:44.43,47.29 3 1
github.com/konveyor-ecosystem/kantra/cmd/analyze/labels.go:47.29,49.14 2 1
github.com/konveyor-ecosystem/kantra/cmd/analyze/labels.go:49.14,50.12 1 1
github.com/konveyor-ecosystem/kantra/cmd/analyze/labels.go:52.3,52.23 1 1
github.com/konveyor-ecosystem/kantra/cmd/analyze/labels.go:54.2,54.12 1 1
github.com/konveyor-ecosystem/kantra/cmd/analyze/labels.go:57.64,59.2 1 0
github.com/konveyor-ecosystem/kantra/cmd/analyze/labels.go:61.111,70.44 7 0
github.com/konveyor-ecosystem/kantra/cmd/analyze/labels.go:70.44,71.18 1 0
github.com/konveyor-ecosystem/kantra/cmd/analyze/labels.go:71.18,73.18 2 0
github.com/konveyor-ecosystem/kantra/cmd/analyze/labels.go:73.18,76.5 2 0
github.com/konveyor-ecosystem/kantra/cmd/analyze/labels.go:77.4,78.14 2 0
github.com/konveyor-ecosystem/kantra/cmd/analyze/labels.go:80.3,80.18 1 0
github.com/konveyor-ecosystem/kantra/cmd/analyze/labels.go:80.18,82.18 2 0
github.com/konveyor-ecosystem/kantra/cmd/analyze/labels.go:82.18,85.5 2 0
github.com/konveyor-ecosystem/kantra/cmd/analyze/labels.go:86.4,87.14 2 0
github.com/konveyor-ecosystem/kantra/cmd/analyze/labels.go:89.8,91.17 2 0
github.com/konveyor-ecosystem/kantra/cmd/analyze/labels.go:91.17,94.4 2 0
github.com/konveyor-ecosystem/kantra/cmd/analyze/labels.go:96.3,96.23 1 0
github.com/konveyor-ecosystem/kantra/cmd/analyze/labels.go:96.23,98.4 1 0
github.com/konveyor-ecosystem/kantra/cmd/analyze/labels.go:99.3,100.18 2 0
github.com/konveyor-ecosystem/kantra/cmd/analyze/labels.go:100.18,102.4 1 0
github.com/konveyor-ecosystem/kantra/cmd/analyze/labels.go:102.9,104.4 1 0
github.com/konveyor-ecosystem/kantra/cmd/analyze/labels.go:105.3,120.17 2 0
github.com/konveyor-ecosystem/kantra/cmd/analyze/labels.go:120.17,123.4 2 0
github.com/konveyor-ecosystem/kantra/cmd/analyze/labels.go:125.2,125.12 1 0
github.com/konveyor-ecosystem/kantra/cmd/analyze/labels.go:128.81,131.16 3 0
github.com/konveyor-ecosystem/kantra/cmd/analyze/labels.go:131.16,133.3 1 0
github.com/konveyor-ecosystem/kantra/cmd/analyze/labels.go:134.2,135.20 2 0
github.com/konveyor-ecosystem/kantra/cmd/analyze/labels.go:135.20,137.17 2 0
github.com/konveyor-ecosystem/kantra/cmd/analyze/labels.go:137.17,139.4 1 0
github.com/konveyor-ecosystem/kantra/cmd/analyze/labels.go:141.2,141.25 1 0
github.com/konveyor-ecosystem/kantra/cmd/analyze/labels.go:144.68,145.9 1 1
github.com/konveyor-ecosystem/kantra/cmd/analyze/labels.go:146.27,147.64 1 1
github.com/konveyor-ecosystem/kantra/cmd/analyze/labels.go:148.10,150.31 2 1
github.com/konveyor-ecosystem/kantra/cmd/analyze/labels.go:150.31,152.4 1 1
github.com/konveyor-ecosystem/kantra/cmd/analyze/labels.go:153.3,153.87 1 1
github.com/konveyor-ecosystem/kantra/cmd/analyze/labels.go:155.2,155.12 1 1
github.com/konveyor-ecosystem/kantra/cmd/analyze/labels.go:158.77,160.2 1 0
github.com/konveyor-ecosystem/kantra/cmd/analyze/labels.go:162.124,167.17 3 1
github.com/konveyor-ecosystem/kantra/cmd/analyze/labels.go:167.17,169.17 2 1
github.com/konveyor-ecosystem/kantra/cmd/analyze/labels.go:169.17,172.4 2 0
github.com/konveyor-ecosystem/kantra/cmd/analyze/labels.go:173.3,174.13 2 1
github.com/konveyor-ecosystem/kantra/cmd/analyze/labels.go:176.2,176.17 1 1
github.com/konveyor-ecosystem/kantra/cmd/analyze/labels.go:176.17,178.17 2 1
github.com/konveyor-ecosystem/kantra/cmd/analyze/labels.go:178.17,181.4 2 1
github.com/konveyor-ecosystem/kantra/cmd/analyze/labels.go:182.3,183.13 2 1
github.com/konveyor-ecosystem/kantra/cmd/analyze/labels.go:186.2,186.12 1 0
github.com/konveyor-ecosystem/kantra/cmd/analyze/labels.go:189.94,192.49 3 1
github.com/konveyor-ecosystem/kantra/cmd/analyze/labels.go:192.49,195.3 2 1
github.com/konveyor-ecosystem/kantra/cmd/analyze/labels.go:196.2,197.16 2 1
github.com/konveyor-ecosystem/kantra/cmd/analyze/labels.go:197.16,199.3 1 0
github.com/konveyor-ecosystem/kantra/cmd/analyze/labels.go:200.2,200.22 1 1
github.com/konveyor-ecosystem/kantra/cmd/analyze/labels.go:200.22,201.29 1 0
github.com/konveyor-ecosystem/kantra/cmd/analyze/labels.go:201.29,203.18 2 0
github.com/konveyor-ecosystem/kantra/cmd/analyze/labels.go:203.18,205.5 1 0
github.com/konveyor-ecosystem/kantra/cmd/analyze/labels.go:208.2,208.25 1 1
github.com/konveyor-ecosystem/kantra/cmd/analyze/labels.go:211.84,212.59 1 1
github.com/konveyor-ecosystem/kantra/cmd/analyze/labels.go:212.59,213.17 1 1
github.com/konveyor-ecosystem/kantra/cmd/analyze/labels.go:213.17,215.4 1 0
github.com/konveyor-ecosystem/kantra/cmd/analyze/labels.go:216.3,216.28 1 1
github.com/konveyor-ecosystem/kantra/cmd/analyze/labels.go:216.28,218.4 1 1
github.com/konveyor-ecosystem/kantra/cmd/analyze/labels.go:219.3,221.17 3 1
github.com/konveyor-ecosystem/kantra/cmd/analyze/labels.go:225.91,227.16 2 1
github.com/konveyor-ecosystem/kantra/cmd/analyze/labels.go:227.16,229.3 1 0
github.com/konveyor-ecosystem/kantra/cmd/analyze/labels.go:230.2,235.21 4 1
github.com/konveyor-ecosystem/kantra/cmd/analyze/labels.go:235.21,238.62 2 1
github.com/konveyor-ecosystem/kantra/cmd/analyze/labels.go:238.62,240.4 1 1
github.com/konveyor-ecosystem/kantra/cmd/analyze/labels.go:242.2,242.38 1 1
github.com/konveyor-ecosystem/kantra/cmd/analyze/labels.go:242.38,244.3 1 0
github.com/konveyor-ecosystem/kantra/cmd/analyze/labels.go:245.2,245.26 1 1
github.com/konveyor-ecosystem/kantra/cmd/analyze/labels.go:248.63,249.35 1 1
github.com/konveyor-ecosystem/kantra/cmd/analyze/labels.go:249.35,251.3 1 1
github.com/konveyor-ecosystem/kantra/cmd/analyze/labels.go:252.2,252.11 1 1
github.com/konveyor-ecosystem/kantra/cmd/analyze/labels.go:255.70,259.27 3 1
github.com/konveyor-ecosystem/kantra/cmd/analyze/labels.go:259.27,262.21 2 1
github.com/konveyor-ecosystem/kantra/cmd/analyze/labels.go:262.21,266.38 3 1
github.com/konveyor-ecosystem/kantra/cmd/analyze/labels.go:266.38,269.5 1 1
github.com/konveyor-ecosystem/kantra/cmd/analyze/labels.go:272.2,274.45 2 1
github.com/konveyor-ecosystem/kantra/cmd/analyze/labels.go:274.45,276.3 1 1
github.com/konveyor-ecosystem/kantra/cmd/analyze/labels.go:276.8,278.3 1 1
github.com/konveyor-ecosystem/kantra/cmd/analyze/labels.go:279.2,279.29 1 1
github.com/konveyor-ecosystem/kantra/cmd/analyze/labels.go:279.29,281.3 1 1
github.com/konveyor-ecosystem/kantra/cmd/analyze/output.go:16.51,17.19 1 1
github.com/konveyor-ecosystem/kantra/cmd/analyze/output.go:17.19,19.3 1 1
github.com/konveyor-ecosystem/kantra/cmd/analyze/output.go:20.2,25.16 5 1
github.com/konveyor-ecosystem/kantra/cmd/analyze/output.go:25.16,27.3 1 1
github.com/konveyor-ecosystem/kantra/cmd/analyze/output.go:28.2,30.16 3 1
github.com/konveyor-ecosystem/kantra/cmd/analyze/output.go:30.16,33.3 2 0
github.com/konveyor-ecosystem/kantra/cmd/analyze/output.go:35.2,36.16 2 1
github.com/konveyor-ecosystem/kantra/cmd/analyze/output.go:36.16,39.3 2 0
github.com/konveyor-ecosystem/kantra/cmd/analyze/output.go:40.2,41.16 2 1
github.com/konveyor-ecosystem/kantra/cmd/analyze/output.go:41.16,44.3 2 0
github.com/konveyor-ecosystem/kantra/cmd/analyze/output.go:47.2,48.98 2 1
github.com/konveyor-ecosystem/kantra/cmd/analyze/output.go:48.98,51.3 2 1
github.com/konveyor-ecosystem/kantra/cmd/analyze/output.go:52.2,53.16 2 1
github.com/konveyor-ecosystem/kantra/cmd/analyze/output.go:53.16,55.3 1 0
github.com/konveyor-ecosystem/kantra/cmd/analyze/output.go:56.2,58.16 3 1
github.com/konveyor-ecosystem/kantra/cmd/analyze/output.go:58.16,61.3 2 0
github.com/konveyor-ecosystem/kantra/cmd/analyze/output.go:63.2,64.16 2 1
github.com/konveyor-ecosystem/kantra/cmd/analyze/output.go:64.16,67.3 2 0
github.com/konveyor-ecosystem/kantra/cmd/analyze/output.go:68.2,69.16 2 1
github.com/konveyor-ecosystem/kantra/cmd/analyze/output.go:69.16,72.3 2 0
github.com/konveyor-ecosystem/kantra/cmd/analyze/output.go:74.2,74.12 1 1
github.com/konveyor-ecosystem/kantra/cmd/analyze/output.go:77.46,82.16 5 1
github.com/konveyor-ecosystem/kantra/cmd/analyze/output.go:82.16,84.3 1 1
github.com/konveyor-ecosystem/kantra/cmd/analyze/output.go:85.2,86.16 2 1
github.com/konveyor-ecosystem/kantra/cmd/analyze/output.go:86.16,88.3 1 0
github.com/konveyor-ecosystem/kantra/cmd/analyze/output.go:89.2,90.16 2 1
github.com/konveyor-ecosystem/kantra/cmd/analyze/output.go:90.16,92.3 1 0
github.com/konveyor-ecosystem/kantra/cmd/analyze/output.go:93.2,94.16 2 1
github.com/konveyor-ecosystem/kantra/cmd/analyze/output.go:94.16,96.3 1 0
github.com/konveyor-ecosystem/kantra/cmd/analyze/output.go:98.2,99.25 2 1
github.com/konveyor-ecosystem/kantra/cmd/analyze/output.go:99.25,101.17 2 1
github.com/konveyor-ecosystem/kantra/cmd/analyze/output.go:101.17,103.4 1 0
github.com/konveyor-ecosystem/kantra/cmd/analyze/output.go:104.3,105.17 2 1
github.com/konveyor-ecosystem/kantra/cmd/analyze/output.go:105.17,107.4 1 0
github.com/konveyor-ecosystem/kantra/cmd/analyze/output.go:109.2,109.12 1 1
github.com/konveyor-ecosystem/kantra/cmd/analyze/output.go:112.50,114.2 1 1
github.com/konveyor-ecosystem/kantra/cmd/analyze/profile.go:8.75,18.2 1 1
github.com/konveyor-ecosystem/kantra/cmd/analyze/profile.go:20.93,23.16 3 1
github.com/konveyor-ecosystem/kantra/cmd/analyze/profile.go:23.16,25.3 1 1
github.com/konveyor-ecosystem/kantra/cmd/analyze/profile.go:26.2,34.12 8 1
github.com/konveyor-ecosystem/kantra/cmd/analyze/progress.go:18.53,20.2 1 1
github.com/konveyor-ecosystem/kantra/cmd/analyze/progress.go:23.42,25.2 1 1
github.com/konveyor-ecosystem/kantra/cmd/analyze/progress.go:28.41,30.2 1 1
github.com/konveyor-ecosystem/kantra/cmd/analyze/progress.go:34.71,35.16 1 1
github.com/konveyor-ecosystem/kantra/cmd/analyze/progress.go:35.16,37.3 1 1
github.com/konveyor-ecosystem/kantra/cmd/analyze/progress.go:38.2,38.23 1 1
github.com/konveyor-ecosystem/kantra/cmd/analyze/progress.go:43.52,45.2 1 1
github.com/konveyor-ecosystem/kantra/cmd/analyze/progress.go:48.37,49.19 1 1
github.com/konveyor-ecosystem/kantra/cmd/analyze/progress.go:49.19,51.3 1 1
github.com/konveyor-ecosystem/kantra/cmd/analyze/progress.go:55.37,56.19 1 1
github.com/konveyor-ecosystem/kantra/cmd/analyze/progress.go:56.19,58.3 1 1
github.com/konveyor-ecosystem/kantra/cmd/analyze/progress.go:63.67,64.19 1 1
github.com/konveyor-ecosystem/kantra/cmd/analyze/progress.go:64.19,66.3 1 1
github.com/konveyor-ecosystem/kantra/cmd/analyze/progress.go:71.53,72.19 1 1
github.com/konveyor-ecosystem/kantra/cmd/analyze/progress.go:72.19,74.3 1 1
github.com/konveyor-ecosystem/kantra/cmd/analyze/provider_config.go:15.55,16.16 1 1
github.com/konveyor-ecosystem/kantra/cmd/analyze/provider_config.go:16.16,18.3 1 1
github.com/konveyor-ecosystem/kantra/cmd/analyze/provider_config.go:19.2,20.14 2 1
github.com/konveyor-ecosystem/kantra/cmd/analyze/provider_config.go:20.14,22.3 1 0
github.com/konveyor-ecosystem/kantra/cmd/analyze/provider_config.go:23.2,23.18 1 1
github.com/konveyor-ecosystem/kantra/cmd/analyze/provider_config.go:26.70,27.59 1 1
github.com/konveyor-ecosystem/kantra/cmd/analyze/provider_config.go:27.59,29.3 1 1
github.com/konveyor-ecosystem/kantra/cmd/analyze/provider_config.go:30.2,31.23 2 1
github.com/konveyor-ecosystem/kantra/cmd/analyze/provider_config.go:31.23,33.84 2 1
github.com/konveyor-ecosystem/kantra/cmd/analyze/provider_config.go:33.84,35.4 1 1
github.com/konveyor-ecosystem/kantra/cmd/analyze/provider_config.go:36.3,36.17 1 1
github.com/konveyor-ecosystem/kantra/cmd/analyze/provider_config.go:38.2,38.27 1 1
github.com/konveyor-ecosystem/kantra/cmd/analyze/provider_config.go:38.27,40.3 1 1
github.com/konveyor-ecosystem/kantra/cmd/analyze/provider_config.go:41.2,41.11 1 1
github.com/konveyor-ecosystem/kantra/cmd/analyze/provider_config.go:44.67,45.48 1 1
github.com/konveyor-ecosystem/kantra/cmd/analyze/provider_config.go:45.48,47.3 1 0
github.com/konveyor-ecosystem/kantra/cmd/analyze/provider_config.go:49.2,51.35 3 1
github.com/konveyor-ecosystem/kantra/cmd/analyze/provider_config.go:51.35,54.3 1 1
github.com/konveyor-ecosystem/kantra/cmd/analyze/provider_config.go:55.2,56.35 2 1
github.com/konveyor-ecosystem/kantra/cmd/analyze/provider_config.go:56.35,59.3 1 1
github.com/konveyor-ecosystem/kantra/cmd/analyze/provider_config.go:60.2,61.22 2 1
github.com/konveyor-ecosystem/kantra/cmd/analyze/provider_config.go:61.22,63.3 1 1
github.com/konveyor-ecosystem/kantra/cmd/analyze/provider_config.go:64.2,65.22 2 1
github.com/konveyor-ecosystem/kantra/cmd/analyze/provider_config.go:65.22,67.3 1 1
github.com/konveyor-ecosystem/kantra/cmd/analyze/provider_config.go:68.2,68.22 1 1
github.com/konveyor-ecosystem/kantra/cmd/analyze/provider_config.go:68.22,69.23 1 1
github.com/konveyor-ecosystem/kantra/cmd/analyze/provider_config.go:69.23,73.4 1 1
github.com/konveyor-ecosystem/kantra/cmd/analyze/provider_config.go:76.3,77.52 1 1
github.com/konveyor-ecosystem/kantra/cmd/analyze/provider_config.go:79.2,79.22 1 1
github.com/konveyor-ecosystem/kantra/cmd/analyze/provider_config.go:79.22,83.3 1 1
github.com/konveyor-ecosystem/kantra/cmd/analyze/provider_config.go:84.2,84.11 1 0
github.com/konveyor-ecosystem/kantra/cmd/analyze/provider_config.go:89.84,90.38 1 0
github.com/konveyor-ecosystem/kantra/cmd/analyze/provider_config.go:90.38,92.3 1 0
github.com/konveyor-ecosystem/kantra/cmd/analyze/provider_config.go:94.2,97.16 3 0
github.com/konveyor-ecosystem/kantra/cmd/analyze/provider_config.go:97.16,99.3 1 0
github.com/konveyor-ecosystem/kantra/cmd/analyze/provider_config.go:101.2,102.63 2 0
github.com/konveyor-ecosystem/kantra/cmd/analyze/provider_config.go:102.63,104.3 1 0
github.com/konveyor-ecosystem/kantra/cmd/analyze/provider_config.go:106.2,107.29 2 0
github.com/konveyor-ecosystem/kantra/cmd/analyze/provider_config.go:112.96,113.21 1 1
github.com/konveyor-ecosystem/kantra/cmd/analyze/provider_config.go:113.21,115.3 1 0
github.com/konveyor-ecosystem/kantra/cmd/analyze/provider_config.go:117.2,119.25 2 1
github.com/konveyor-ecosystem/kantra/cmd/analyze/provider_config.go:119.25,121.3 1 1
github.com/konveyor-ecosystem/kantra/cmd/analyze/provider_config.go:123.2,123.29 1 1
github.com/konveyor-ecosystem/kantra/cmd/analyze/provider_config.go:123.29,125.3 1 1
github.com/konveyor-ecosystem/kantra/cmd/analyze/provider_config.go:126.2,126.15 1 1
github.com/konveyor-ecosystem/kantra/cmd/analyze/provider_config.go:132.66,134.32 2 1
github.com/konveyor-ecosystem/kantra/cmd/analyze/provider_config.go:134.32,135.24 1 1
github.com/konveyor-ecosystem/kantra/cmd/analyze/provider_config.go:135.24,137.4 1 1
github.com/konveyor-ecosystem/kantra/cmd/analyze/provider_config.go:139.2,139.14 1 1
github.com/konveyor-ecosystem/kantra/cmd/analyze/provider_config.go:143.75,145.32 2 1
github.com/konveyor-ecosystem/kantra/cmd/analyze/provider_config.go:145.32,147.3 1 1
github.com/konveyor-ecosystem/kantra/cmd/analyze/provider_config.go:148.2,148.14 1 1
github.com/konveyor-ecosystem/kantra/cmd/analyze/provider_config.go:165.72,166.32 1 1
github.com/konveyor-ecosystem/kantra/cmd/analyze/provider_config.go:166.32,167.60 1 1
github.com/konveyor-ecosystem/kantra/cmd/analyze/provider_config.go:167.60,169.4 1 1
github.com/konveyor-ecosystem/kantra/cmd/analyze/provider_config.go:171.2,171.14 1 1
github.com/konveyor-ecosystem/kantra/cmd/analyze/provider_config.go:178.75,179.29 1 1
github.com/konveyor-ecosystem/kantra/cmd/analyze/provider_config.go:179.29,181.3 1 1
github.com/konveyor-ecosystem/kantra/cmd/analyze/provider_config.go:182.2,182.30 1 1
github.com/konveyor-ecosystem/kantra/cmd/analyze/provider_config.go:182.30,184.3 1 1
github.com/konveyor-ecosystem/kantra/cmd/analyze/provider_config.go:185.2,186.37 2 1
github.com/konveyor-ecosystem/kantra/cmd/analyze/provider_config.go:186.37,188.3 1 1
github.com/konveyor-ecosystem/kantra/cmd/analyze/provider_config.go:189.2,189.35 1 1
github.com/konveyor-ecosystem/kantra/cmd/analyze/provider_config.go:189.35,190.22 1 1
github.com/konveyor-ecosystem/kantra/cmd/analyze/provider_config.go:190.22,192.4 1 1
github.com/konveyor-ecosystem/kantra/cmd/analyze/provider_config.go:194.2,194.13 1 1
github.com/konveyor-ecosystem/kantra/cmd/analyze/provider_config.go:202.116,203.28 1 1
github.com/konveyor-ecosystem/kantra/cmd/analyze/provider_config.go:203.28,205.3 1 1
github.com/konveyor-ecosystem/kantra/cmd/analyze/provider_config.go:208.2,209.29 2 1
github.com/konveyor-ecosystem/kantra/cmd/analyze/provider_config.go:209.29,212.3 2 1
github.com/konveyor-ecosystem/kantra/cmd/analyze/provider_config.go:216.2,216.43 1 1
github.com/konveyor-ecosystem/kantra/cmd/analyze/provider_config.go:216.43,217.37 1 1
github.com/konveyor-ecosystem/kantra/cmd/analyze/provider_config.go:217.37,219.4 1 1
github.com/konveyor-ecosystem/kantra/cmd/analyze/provider_config.go:222.2,222.20 1 1
github.com/konveyor-ecosystem/kantra/cmd/analyze/provider_config.go:227.108,228.28 1 1
github.com/konveyor-ecosystem/kantra/cmd/analyze/provider_config.go:228.28,230.3 1 0
github.com/konveyor-ecosystem/kantra/cmd/analyze/provider_config.go:233.2,233.43 1 1
github.com/konveyor-ecosystem/kantra/cmd/analyze/provider_config.go:233.43,234.39 1 1
github.com/konveyor-ecosystem/kantra/cmd/analyze/provider_config.go:234.39,235.12 1 1
github.com/konveyor-ecosystem/kantra/cmd/analyze/provider_config.go:239.3,239.33 1 1
github.com/konveyor-ecosystem/kantra/cmd/analyze/provider_config.go:239.33,241.4 1 0
github.com/konveyor-ecosystem/kantra/cmd/analyze/provider_config.go:242.3,242.28 1 1
github.com/konveyor-ecosystem/kantra/cmd/analyze/provider_config.go:242.28,244.4 1 0
github.com/konveyor-ecosystem/kantra/cmd/analyze/provider_config.go:247.3,247.69 1 1
github.com/konveyor-ecosystem/kantra/cmd/analyze/provider_config.go:247.69,249.60 1 1
github.com/konveyor-ecosystem/kantra/cmd/analyze/provider_config.go:249.60,254.5 1 1
github.com/konveyor-ecosystem/kantra/cmd/analyze/provider_config.go:256.4,256.49 1 1
github.com/konveyor-ecosystem/kantra/cmd/analyze/provider_config.go:256.49,258.5 1 0
github.com/konveyor-ecosystem/kantra/cmd/analyze/provider_config.go:260.3,260.8 1 1
github.com/konveyor-ecosystem/kantra/cmd/analyze/provider_config.go:263.2,263.19 1 1
github.com/konveyor-ecosystem/kantra/cmd/analyze/providers.go:18.69,23.51 4 1
github.com/konveyor-ecosystem/kantra/cmd/analyze/providers.go:23.51,25.3 1 0
github.com/konveyor-ecosystem/kantra/cmd/analyze/providers.go:26.2,26.16 1 1
github.com/konveyor-ecosystem/kantra/cmd/analyze/providers.go:26.16,28.3 1 1
github.com/konveyor-ecosystem/kantra/cmd/analyze/providers.go:30.2,33.51 3 1
github.com/konveyor-ecosystem/kantra/cmd/analyze/providers.go:33.51,37.3 1 0
github.com/konveyor-ecosystem/kantra/cmd/analyze/providers.go:37.8,37.57 1 1
github.com/konveyor-ecosystem/kantra/cmd/analyze/providers.go:37.57,41.3 2 1
github.com/konveyor-ecosystem/kantra/cmd/analyze/providers.go:41.8,41.23 1 1
github.com/konveyor-ecosystem/kantra/cmd/analyze/providers.go:41.23,43.3 1 1
github.com/konveyor-ecosystem/kantra/cmd/analyze/providers.go:45.2,45.19 1 0
github.com/konveyor-ecosystem/kantra/cmd/analyze/providers.go:55.3,56.17 1 1
github.com/konveyor-ecosystem/kantra/cmd/analyze/providers.go:56.17,65.13 6 1
github.com/konveyor-ecosystem/kantra/cmd/analyze/providers.go:65.13,74.48 6 1
github.com/konveyor-ecosystem/kantra/cmd/analyze/providers.go:74.48,75.24 1 0
github.com/konveyor-ecosystem/kantra/cmd/analyze/providers.go:76.37,76.37 0 0
github.com/konveyor-ecosystem/kantra/cmd/analyze/providers.go:78.40,80.25 1 0
github.com/konveyor-ecosystem/kantra/cmd/analyze/providers.go:80.25,84.28 4 0
github.com/konveyor-ecosystem/kantra/cmd/analyze/providers.go:84.28,86.8 1 0
github.com/konveyor-ecosystem/kantra/cmd/analyze/providers.go:87.7,92.39 3 0
github.com/konveyor-ecosystem/kantra/cmd/analyze/providers.go:92.39,94.8 1 0
github.com/konveyor-ecosystem/kantra/cmd/analyze/providers.go:96.45,97.77 1 0
github.com/konveyor-ecosystem/kantra/cmd/analyze/providers.go:98.36,99.25 1 0
github.com/konveyor-ecosystem/kantra/cmd/analyze/providers.go:99.25,103.7 3 0
github.com/konveyor-ecosystem/kantra/cmd/analyze/providers.go:104.38,105.25 1 0
github.com/konveyor-ecosystem/kantra/cmd/analyze/providers.go:105.25,107.31 1 0
github.com/konveyor-ecosystem/kantra/cmd/analyze/providers.go:107.31,111.8 3 0
github.com/konveyor-ecosystem/kantra/cmd/analyze/providers.go:114.7,114.33 1 0
github.com/konveyor-ecosystem/kantra/cmd/analyze/providers.go:114.33,116.16 2 0
github.com/konveyor-ecosystem/kantra/cmd/analyze/providers.go:121.7,121.66 1 0
github.com/konveyor-ecosystem/kantra/cmd/analyze/providers.go:121.66,124.8 1 0
github.com/konveyor-ecosystem/kantra/cmd/analyze/providers.go:125.7,131.88 4 0
github.com/konveyor-ecosystem/kantra/cmd/analyze/providers.go:132.12,132.56 1 0
github.com/konveyor-ecosystem/kantra/cmd/analyze/providers.go:132.56,135.15 1 0
github.com/konveyor-ecosystem/kantra/cmd/analyze/providers.go:137.33,140.52 2 0
github.com/konveyor-ecosystem/kantra/cmd/analyze/providers.go:144.8,147.3 1 1
github.com/konveyor-ecosystem/kantra/cmd/analyze/providers.go:149.2,149.55 1 1
github.com/konveyor-ecosystem/kantra/cmd/analyze/providers.go:152.137,153.24 1 0
github.com/konveyor-ecosystem/kantra/cmd/analyze/providers.go:153.24,154.31 1 0
github.com/konveyor-ecosystem/kantra/cmd/analyze/providers.go:154.31,156.4 1 0
github.com/konveyor-ecosystem/kantra/cmd/analyze/providers.go:157.3,157.29 1 0
github.com/konveyor-ecosystem/kantra/cmd/analyze/providers.go:159.2,159.30 1 0
github.com/konveyor-ecosystem/kantra/cmd/analyze/providers.go:159.30,160.23 1 0
github.com/konveyor-ecosystem/kantra/cmd/analyze/providers.go:160.23,162.22 2 0
github.com/konveyor-ecosystem/kantra/cmd/analyze/providers.go:162.22,164.13 2 0
github.com/konveyor-ecosystem/kantra/cmd/analyze/providers.go:168.4,168.56 1 0
github.com/konveyor-ecosystem/kantra/cmd/analyze/providers.go:168.56,171.5 1 0
github.com/konveyor-ecosystem/kantra/cmd/analyze/providers.go:171.10,173.5 1 0
github.com/konveyor-ecosystem/kantra/cmd/analyze/providers.go:176.2,176.28 1 0
github.com/konveyor-ecosystem/kantra/cmd/analyze/rules.go:18.71,19.41 1 1
github.com/konveyor-ecosystem/kantra/cmd/analyze/rules.go:19.41,21.3 1 1
github.com/konveyor-ecosystem/kantra/cmd/analyze/rules.go:22.2,24.16 3 1
github.com/konveyor-ecosystem/kantra/cmd/analyze/rules.go:24.16,27.3 2 0
github.com/konveyor-ecosystem/kantra/cmd/analyze/rules.go:28.2,31.28 4 1
github.com/konveyor-ecosystem/kantra/cmd/analyze/rules.go:31.28,33.17 2 1
github.com/konveyor-ecosystem/kantra/cmd/analyze/rules.go:33.17,36.4 2 1
github.com/konveyor-ecosystem/kantra/cmd/analyze/rules.go:38.3,38.20 1 1
github.com/konveyor-ecosystem/kantra/cmd/analyze/rules.go:38.20,41.18 3 1
github.com/konveyor-ecosystem/kantra/cmd/analyze/rules.go:41.18,44.5 2 0
github.com/konveyor-ecosystem/kantra/cmd/analyze/rules.go:45.4,47.18 3 1
github.com/konveyor-ecosystem/kantra/cmd/analyze/rules.go:47.18,49.5 1 0
github.com/konveyor-ecosystem/kantra/cmd/analyze/rules.go:50.9,52.80 2 1
github.com/konveyor-ecosystem/kantra/cmd/analyze/rules.go:52.80,53.18 1 1
github.com/konveyor-ecosystem/kantra/cmd/analyze/rules.go:53.18,55.6 1 1
github.com/konveyor-ecosystem/kantra/cmd/analyze/rules.go:56.5,56.18 1 1
github.com/konveyor-ecosystem/kantra/cmd/analyze/rules.go:56.18,58.58 1 0
github.com/konveyor-ecosystem/kantra/cmd/analyze/rules.go:58.58,60.7 1 0
github.com/konveyor-ecosystem/kantra/cmd/analyze/rules.go:61.11,64.76 1 1
github.com/konveyor-ecosystem/kantra/cmd/analyze/rules.go:64.76,67.7 2 0
github.com/konveyor-ecosystem/kantra/cmd/analyze/rules.go:68.6,69.20 2 1
github.com/konveyor-ecosystem/kantra/cmd/analyze/rules.go:69.20,71.7 1 0
github.com/konveyor-ecosystem/kantra/cmd/analyze/rules.go:72.6,75.20 4 1
github.com/konveyor-ecosystem/kantra/cmd/analyze/rules.go:75.20,78.7 2 0
github.com/konveyor-ecosystem/kantra/cmd/analyze/rules.go:80.5,80.15 1 1
github.com/konveyor-ecosystem/kantra/cmd/analyze/rules.go:82.4,82.18 1 1
github.com/konveyor-ecosystem/kantra/cmd/analyze/rules.go:82.18,85.5 2 0
github.com/konveyor-ecosystem/kantra/cmd/analyze/rules.go:88.2,90.26 2 1
github.com/konveyor-ecosystem/kantra/cmd/analyze/rules.go:93.92,95.16 2 1
github.com/konveyor-ecosystem/kantra/cmd/analyze/rules.go:95.16,97.3 1 0
github.com/konveyor-ecosystem/kantra/cmd/analyze/rules.go:98.2,101.16 4 1
github.com/konveyor-ecosystem/kantra/cmd/analyze/rules.go:101.16,103.3 1 0
github.com/konveyor-ecosystem/kantra/cmd/analyze/rules.go:104.2,106.16 3 1
github.com/konveyor-ecosystem/kantra/cmd/analyze/rules.go:106.16,109.3 2 0
github.com/konveyor-ecosystem/kantra/cmd/analyze/rules.go:110.2,110.12 1 1
github.com/konveyor-ecosystem/kantra/cmd/analyze/rules.go:113.83,116.24 3 1
github.com/konveyor-ecosystem/kantra/cmd/analyze/rules.go:116.24,118.3 1 1
github.com/konveyor-ecosystem/kantra/cmd/analyze/rules.go:119.2,119.16 1 1
github.com/konveyor-ecosystem/kantra/cmd/analyze/rules.go:119.16,121.3 1 0
github.com/konveyor-ecosystem/kantra/cmd/analyze/rules.go:122.2,127.16 3 1
github.com/konveyor-ecosystem/kantra/cmd/analyze/rules.go:127.16,129.3 1 0
github.com/konveyor-ecosystem/kantra/cmd/analyze/rules.go:130.2,131.16 2 1
github.com/konveyor-ecosystem/kantra/cmd/analyze/rules.go:131.16,133.3 1 0
github.com/konveyor-ecosystem/kantra/cmd/analyze/rules.go:134.2,134.12 1 1
github.com/konveyor-ecosystem/kantra/cmd/analyze/run.go:53.48,62.36 2 1
github.com/konveyor-ecosystem/kantra/cmd/analyze/run.go:62.36,63.18 1 1
github.com/konveyor-ecosystem/kantra/cmd/analyze/run.go:63.18,65.4 1 1
github.com/konveyor-ecosystem/kantra/cmd/analyze/run.go:69.145,83.28 8 0
github.com/konveyor-ecosystem/kantra/cmd/analyze/run.go:83.28,89.17 3 0
github.com/konveyor-ecosystem/kantra/cmd/analyze/run.go:89.17,92.4 2 0
github.com/konveyor-ecosystem/kantra/cmd/analyze/run.go:93.3,94.65 2 0
github.com/konveyor-ecosystem/kantra/cmd/analyze/run.go:97.2,102.19 4 0
github.com/konveyor-ecosystem/kantra/cmd/analyze/run.go:102.19,106.3 2 0
github.com/konveyor-ecosystem/kantra/cmd/analyze/run.go:108.2,108.22 1 0
github.com/konveyor-ecosystem/kantra/cmd/analyze/run.go:108.22,110.3 1 0
github.com/konveyor-ecosystem/kantra/cmd/analyze/run.go:110.8,112.3 1 0
github.com/konveyor-ecosystem/kantra/cmd/analyze/run.go:113.2,118.16 4 0
github.com/konveyor-ecosystem/kantra/cmd/analyze/run.go:118.16,120.3 1 0
github.com/konveyor-ecosystem/kantra/cmd/analyze/run.go:121.2,121.15 1 0
github.com/konveyor-ecosystem/kantra/cmd/analyze/run.go:121.15,122.25 1 0
github.com/konveyor-ecosystem/kantra/cmd/analyze/run.go:122.25,124.4 1 0
github.com/konveyor-ecosystem/kantra/cmd/analyze/run.go:128.2,131.23 4 0
github.com/konveyor-ecosystem/kantra/cmd/analyze/run.go:131.23,133.3 1 0
github.com/konveyor-ecosystem/kantra/cmd/analyze/run.go:134.2,134.41 1 0
github.com/konveyor-ecosystem/kantra/cmd/analyze/run.go:134.41,137.3 2 0
github.com/konveyor-ecosystem/kantra/cmd/analyze/run.go:138.2,168.39 3 0
github.com/konveyor-ecosystem/kantra/cmd/analyze/run.go:168.39,170.3 1 0
github.com/konveyor-ecosystem/kantra/cmd/analyze/run.go:171.2,178.90 4 0
github.com/konveyor-ecosystem/kantra/cmd/analyze/run.go:178.90,179.34 1 0
github.com/konveyor-ecosystem/kantra/cmd/analyze/run.go:179.34,180.46 1 0
github.com/konveyor-ecosystem/kantra/cmd/analyze/run.go:180.46,181.71 1 0
github.com/konveyor-ecosystem/kantra/cmd/analyze/run.go:181.71,183.6 1 0
github.com/konveyor-ecosystem/kantra/cmd/analyze/run.go:184.5,184.105 1 0
github.com/konveyor-ecosystem/kantra/cmd/analyze/run.go:191.2,192.64 2 0
github.com/konveyor-ecosystem/kantra/cmd/analyze/run.go:192.64,195.21 3 0
github.com/konveyor-ecosystem/kantra/cmd/analyze/run.go:195.21,197.4 1 0
github.com/konveyor-ecosystem/kantra/cmd/analyze/run.go:199.2,199.28 1 0
github.com/konveyor-ecosystem/kantra/cmd/analyze/run.go:199.28,202.3 2 0
github.com/konveyor-ecosystem/kantra/cmd/analyze/run.go:205.2,206.16 2 0
github.com/konveyor-ecosystem/kantra/cmd/analyze/run.go:206.16,208.3 1 0
github.com/konveyor-ecosystem/kantra/cmd/analyze/run.go:211.2,213.30 3 0
github.com/konveyor-ecosystem/kantra/cmd/analyze/run.go:213.30,215.3 1 0
github.com/konveyor-ecosystem/kantra/cmd/analyze/run.go:218.2,219.27 2 0
github.com/konveyor-ecosystem/kantra/cmd/analyze/run.go:219.27,221.3 1 0
github.com/konveyor-ecosystem/kantra/cmd/analyze/run.go:223.2,223.22 1 0
github.com/konveyor-ecosystem/kantra/cmd/analyze/run.go:223.22,225.3 1 0
github.com/konveyor-ecosystem/kantra/cmd/analyze/run.go:228.2,237.30 2 0
github.com/konveyor-ecosystem/kantra/cmd/analyze/run.go:237.30,239.3 1 0
github.com/konveyor-ecosystem/kantra/cmd/analyze/run.go:240.2,240.18 1 0
github.com/konveyor-ecosystem/kantra/cmd/analyze/run.go:240.18,242.3 1 0
github.com/konveyor-ecosystem/kantra/cmd/analyze/run.go:243.2,243.28 1 0
github.com/konveyor-ecosystem/kantra/cmd/analyze/run.go:243.28,245.3 1 0
github.com/konveyor-ecosystem/kantra/cmd/analyze/run.go:248.2,249.33 2 0
github.com/konveyor-ecosystem/kantra/cmd/analyze/run.go:249.33,251.3 1 0
github.com/konveyor-ecosystem/kantra/cmd/analyze/run.go:252.2,252.42 1 0
github.com/konveyor-ecosystem/kantra/cmd/analyze/run.go:252.42,254.3 1 0
github.com/konveyor-ecosystem/kantra/cmd/analyze/run.go:257.2,260.16 4 0
github.com/konveyor-ecosystem/kantra/cmd/analyze/run.go:260.16,263.3 2 0
github.com/konveyor-ecosystem/kantra/cmd/analyze/run.go:264.2,267.22 3 0
github.com/konveyor-ecosystem/kantra/cmd/analyze/run.go:267.22,269.3 1 0
github.com/konveyor-ecosystem/kantra/cmd/analyze/run.go:270.2,276.16 5 0
github.com/konveyor-ecosystem/kantra/cmd/analyze/run.go:276.16,279.3 2 0
github.com/konveyor-ecosystem/kantra/cmd/analyze/run.go:280.2,286.16 5 0
github.com/konveyor-ecosystem/kantra/cmd/analyze/run.go:286.16,289.3 2 0
github.com/konveyor-ecosystem/kantra/cmd/analyze/run.go:290.2,304.62 10 0
github.com/konveyor-ecosystem/kantra/cmd/analyze/run.go:304.62,307.3 1 0
github.com/konveyor-ecosystem/kantra/cmd/analyze/run.go:310.2,310.55 1 0
github.com/konveyor-ecosystem/kantra/cmd/analyze/run.go:310.55,313.3 2 0
github.com/konveyor-ecosystem/kantra/cmd/analyze/run.go:316.2,316.46 1 0
github.com/konveyor-ecosystem/kantra/cmd/analyze/run.go:316.46,318.3 1 0
github.com/konveyor-ecosystem/kantra/cmd/analyze/run.go:321.2,321.49 1 0
github.com/konveyor-ecosystem/kantra/cmd/analyze/run.go:321.49,323.3 1 0
github.com/konveyor-ecosystem/kantra/cmd/analyze/run.go:325.2,329.16 5 0
github.com/konveyor-ecosystem/kantra/cmd/analyze/run.go:329.16,331.3 1 0
github.com/konveyor-ecosystem/kantra/cmd/analyze/run.go:333.2,334.16 2 0
github.com/konveyor-ecosystem/kantra/cmd/analyze/run.go:334.16,336.3 1 0
github.com/konveyor-ecosystem/kantra/cmd/analyze/run.go:338.2,339.16 2 0
github.com/konveyor-ecosystem/kantra/cmd/analyze/run.go:339.16,342.3 2 0
github.com/konveyor-ecosystem/kantra/cmd/analyze/run.go:343.2,346.16 3 0
github.com/konveyor-ecosystem/kantra/cmd/analyze/run.go:346.16,348.3 1 0
github.com/konveyor-ecosystem/kantra/cmd/analyze/run.go:349.2,349.12 1 0
github.com/konveyor-ecosystem/kantra/cmd/analyze/run.go:349.12,351.47 1 0
github.com/konveyor-ecosystem/kantra/cmd/analyze/run.go:351.47,353.4 1 0
github.com/konveyor-ecosystem/kantra/cmd/analyze/run.go:354.3,355.20 2 0
github.com/konveyor-ecosystem/kantra/cmd/analyze/run.go:358.2,361.16 4 0
github.com/konveyor-ecosystem/kantra/cmd/analyze/run.go:361.16,364.3 2 0
github.com/konveyor-ecosystem/kantra/cmd/analyze/run.go:365.2,370.25 4 0
github.com/konveyor-ecosystem/kantra/cmd/analyze/run.go:370.25,372.3 1 0
github.com/konveyor-ecosystem/kantra/cmd/analyze/run.go:373.2,377.12 4 0
github.com/konveyor-ecosystem/kantra/cmd/analyze/run.go:382.80,384.38 2 0
github.com/konveyor-ecosystem/kantra/cmd/analyze/run.go:384.38,386.18 2 0
github.com/konveyor-ecosystem/kantra/cmd/analyze/run.go:386.18,387.12 1 0
github.com/konveyor-ecosystem/kantra/cmd/analyze/run.go:389.3,392.5 1 0
github.com/konveyor-ecosystem/kantra/cmd/analyze/run.go:394.2,394.14 1 0
github.com/konveyor-ecosystem/kantra/cmd/analyze/run.go:398.40,399.14 1 1
github.com/konveyor-ecosystem/kantra/cmd/analyze/run.go:400.25,401.45 1 1
github.com/konveyor-ecosystem/kantra/cmd/analyze/run.go:402.23,403.43 1 1
github.com/konveyor-ecosystem/kantra/cmd/analyze/run.go:404.27,405.47 1 1
github.com/konveyor-ecosystem/kantra/cmd/analyze/run.go:406.27,407.47 1 1
github.com/konveyor-ecosystem/kantra/cmd/analyze/run.go:408.27,409.47 1 1
github.com/konveyor-ecosystem/kantra/cmd/analyze/run.go:410.10,411.12 1 1
github.com/konveyor-ecosystem/kantra/cmd/analyze/static_report.go:26.132,28.35 2 1
github.com/konveyor-ecosystem/kantra/cmd/analyze/static_report.go:28.35,30.3 1 1
github.com/konveyor-ecosystem/kantra/cmd/analyze/static_report.go:31.2,31.24 1 1
github.com/konveyor-ecosystem/kantra/cmd/analyze/static_report.go:31.24,33.3 1 1
github.com/konveyor-ecosystem/kantra/cmd/analyze/static_report.go:34.2,34.47 1 1
github.com/konveyor-ecosystem/kantra/cmd/analyze/static_report.go:34.47,36.3 1 0
github.com/konveyor-ecosystem/kantra/cmd/analyze/static_report.go:37.2,37.27 1 1
github.com/konveyor-ecosystem/kantra/cmd/analyze/static_report.go:37.27,39.3 1 1
github.com/konveyor-ecosystem/kantra/cmd/analyze/static_report.go:39.8,39.57 1 1
github.com/konveyor-ecosystem/kantra/cmd/analyze/static_report.go:39.57,41.3 1 0
github.com/konveyor-ecosystem/kantra/cmd/analyze/static_report.go:42.2,42.53 1 1
github.com/konveyor-ecosystem/kantra/cmd/analyze/static_report.go:42.53,49.27 2 1
github.com/konveyor-ecosystem/kantra/cmd/analyze/static_report.go:49.27,51.4 1 1
github.com/konveyor-ecosystem/kantra/cmd/analyze/static_report.go:52.3,53.47 2 1
github.com/konveyor-ecosystem/kantra/cmd/analyze/static_report.go:56.2,56.26 1 1
github.com/konveyor-ecosystem/kantra/cmd/analyze/static_report.go:60.50,61.27 1 1
github.com/konveyor-ecosystem/kantra/cmd/analyze/static_report.go:61.27,63.17 2 1
github.com/konveyor-ecosystem/kantra/cmd/analyze/static_report.go:63.17,65.4 1 1
github.com/konveyor-ecosystem/kantra/cmd/analyze/static_report.go:66.3,67.17 2 1
github.com/konveyor-ecosystem/kantra/cmd/analyze/static_report.go:67.17,69.4 1 1
github.com/konveyor-ecosystem/kantra/cmd/analyze/static_report.go:70.3,70.25 1 1
github.com/konveyor-ecosystem/kantra/cmd/analyze/static_report.go:70.25,72.18 2 1
github.com/konveyor-ecosystem/kantra/cmd/analyze/static_report.go:72.18,74.5 1 0
github.com/konveyor-ecosystem/kantra/cmd/analyze/static_report.go:76.4,77.18 2 1
github.com/konveyor-ecosystem/kantra/cmd/analyze/static_report.go:77.18,79.5 1 0
github.com/konveyor-ecosystem/kantra/cmd/analyze/static_report.go:82.4,82.34 1 1
github.com/konveyor-ecosystem/kantra/cmd/analyze/static_report.go:82.34,84.46 2 1
github.com/konveyor-ecosystem/kantra/cmd/analyze/static_report.go:84.46,86.6 1 1
github.com/konveyor-ecosystem/kantra/cmd/analyze/static_report.go:91.3,91.33 1 1
github.com/konveyor-ecosystem/kantra/cmd/analyze/static_report.go:91.33,93.46 2 1
github.com/konveyor-ecosystem/kantra/cmd/analyze/static_report.go:93.46,95.42 2 1
github.com/konveyor-ecosystem/kantra/cmd/analyze/static_report.go:95.42,98.6 2 1
github.com/konveyor-ecosystem/kantra/cmd/analyze/static_report.go:99.5,99.35 1 1
github.com/konveyor-ecosystem/kantra/cmd/analyze/static_report.go:104.2,104.12 1 1
github.com/konveyor-ecosystem/kantra/cmd/analyze/static_report.go:107.86,109.16 2 1
github.com/konveyor-ecosystem/kantra/cmd/analyze/static_report.go:109.16,112.3 2 0
github.com/konveyor-ecosystem/kantra/cmd/analyze/static_report.go:114.2,118.16 3 1
github.com/konveyor-ecosystem/kantra/cmd/analyze/static_report.go:118.16,121.3 2 1
github.com/konveyor-ecosystem/kantra/cmd/analyze/static_report.go:122.2,128.12 3 1
github.com/konveyor-ecosystem/kantra/cmd/analyze/validate.go:21.120,23.16 2 1
github.com/konveyor-ecosystem/kantra/cmd/analyze/validate.go:23.16,25.3 1 0
github.com/konveyor-ecosystem/kantra/cmd/analyze/validate.go:26.2,28.55 2 1
github.com/konveyor-ecosystem/kantra/cmd/analyze/validate.go:28.55,30.3 1 0
github.com/konveyor-ecosystem/kantra/cmd/analyze/validate.go:32.2,32.21 1 1
github.com/konveyor-ecosystem/kantra/cmd/analyze/validate.go:32.21,34.17 2 0
github.com/konveyor-ecosystem/kantra/cmd/analyze/validate.go:34.17,36.4 1 0
github.com/konveyor-ecosystem/kantra/cmd/analyze/validate.go:37.3,37.27 1 0
github.com/konveyor-ecosystem/kantra/cmd/analyze/validate.go:37.27,39.4 1 0
github.com/konveyor-ecosystem/kantra/cmd/analyze/validate.go:40.3,40.13 1 0
github.com/konveyor-ecosystem/kantra/cmd/analyze/validate.go:43.2,43.35 1 1
github.com/konveyor-ecosystem/kantra/cmd/analyze/validate.go:43.35,44.64 1 1
github.com/konveyor-ecosystem/kantra/cmd/analyze/validate.go:44.64,46.4 1 0
github.com/konveyor-ecosystem/kantra/cmd/analyze/validate.go:47.3,47.21 1 1
github.com/konveyor-ecosystem/kantra/cmd/analyze/validate.go:47.21,48.56 1 1
github.com/konveyor-ecosystem/kantra/cmd/analyze/validate.go:48.56,50.5 1 0
github.com/konveyor-ecosystem/kantra/cmd/analyze/validate.go:55.2,55.24 1 1
github.com/konveyor-ecosystem/kantra/cmd/analyze/validate.go:55.24,57.17 2 1
github.com/konveyor-ecosystem/kantra/cmd/analyze/validate.go:57.17,59.4 1 1
github.com/konveyor-ecosystem/kantra/cmd/analyze/validate.go:59.9,61.4 1 0
github.com/konveyor-ecosystem/kantra/cmd/analyze/validate.go:62.3,63.36 2 1
github.com/konveyor-ecosystem/kantra/cmd/analyze/validate.go:63.36,65.45 2 1
github.com/konveyor-ecosystem/kantra/cmd/analyze/validate.go:65.45,66.30 1 1
github.com/konveyor-ecosystem/kantra/cmd/analyze/validate.go:66.30,68.11 2 1
github.com/konveyor-ecosystem/kantra/cmd/analyze/validate.go:71.4,71.14 1 1
github.com/konveyor-ecosystem/kantra/cmd/analyze/validate.go:71.14,73.5 1 1
github.com/konveyor-ecosystem/kantra/cmd/analyze/validate.go:77.2,77.24 1 1
github.com/konveyor-ecosystem/kantra/cmd/analyze/validate.go:77.24,79.17 2 1
github.com/konveyor-ecosystem/kantra/cmd/analyze/validate.go:79.17,81.4 1 1
github.com/konveyor-ecosystem/kantra/cmd/analyze/validate.go:81.9,83.4 1 0
github.com/konveyor-ecosystem/kantra/cmd/analyze/validate.go:84.3,85.36 2 1
github.com/konveyor-ecosystem/kantra/cmd/analyze/validate.go:85.36,87.45 2 1
github.com/konveyor-ecosystem/kantra/cmd/analyze/validate.go:87.45,88.30 1 1
github.com/konveyor-ecosystem/kantra/cmd/analyze/validate.go:88.30,90.11 2 1
github.com/konveyor-ecosystem/kantra/cmd/analyze/validate.go:93.4,93.14 1 1
github.com/konveyor-ecosystem/kantra/cmd/analyze/validate.go:93.14,95.5 1 1
github.com/konveyor-ecosystem/kantra/cmd/analyze/validate.go:99.2,99.19 1 1
github.com/konveyor-ecosystem/kantra/cmd/analyze/validate.go:99.19,102.31 2 1
github.com/konveyor-ecosystem/kantra/cmd/analyze/validate.go:102.31,103.55 1 1
github.com/konveyor-ecosystem/kantra/cmd/analyze/validate.go:103.55,105.21 2 0
github.com/konveyor-ecosystem/kantra/cmd/analyze/validate.go:105.21,107.6 1 0
github.com/konveyor-ecosystem/kantra/cmd/analyze/validate.go:110.3,111.17 2 1
github.com/konveyor-ecosystem/kantra/cmd/analyze/validate.go:111.17,113.4 1 0
github.com/konveyor-ecosystem/kantra/cmd/analyze/validate.go:116.3,116.27 1 1
github.com/konveyor-ecosystem/kantra/cmd/analyze/validate.go:116.27,119.19 2 0
github.com/konveyor-ecosystem/kantra/cmd/analyze/validate.go:120.83,121.45 1 0
github.com/konveyor-ecosystem/kantra/cmd/analyze/validate.go:122.12,123.55 1 0
github.com/konveyor-ecosystem/kantra/cmd/analyze/validate.go:125.4,126.18 2 0
github.com/konveyor-ecosystem/kantra/cmd/analyze/validate.go:126.18,128.5 1 0
github.com/konveyor-ecosystem/kantra/cmd/analyze/validate.go:129.4,129.24 1 0
github.com/konveyor-ecosystem/kantra/cmd/analyze/validate.go:132.2,133.16 2 1
github.com/konveyor-ecosystem/kantra/cmd/analyze/validate.go:133.16,135.3 1 0
github.com/konveyor-ecosystem/kantra/cmd/analyze/validate.go:136.2,137.16 2 1
github.com/konveyor-ecosystem/kantra/cmd/analyze/validate.go:137.16,138.37 1 1
github.com/konveyor-ecosystem/kantra/cmd/analyze/validate.go:138.37,140.18 2 1
github.com/konveyor-ecosystem/kantra/cmd/analyze/validate.go:140.18,142.5 1 0
github.com/konveyor-ecosystem/kantra/cmd/analyze/validate.go:143.9,145.4 1 0
github.com/konveyor-ecosystem/kantra/cmd/analyze/validate.go:147.2,147.34 1 1
github.com/konveyor-ecosystem/kantra/cmd/analyze/validate.go:147.34,149.3 1 0
github.com/konveyor-ecosystem/kantra/cmd/analyze/validate.go:150.2,150.28 1 1
github.com/konveyor-ecosystem/kantra/cmd/analyze/validate.go:150.28,151.31 1 0
github.com/konveyor-ecosystem/kantra/cmd/analyze/validate.go:151.31,153.18 2 0
github.com/konveyor-ecosystem/kantra/cmd/analyze/validate.go:153.18,155.5 1 0
github.com/konveyor-ecosystem/kantra/cmd/analyze/validate.go:156.4,156.36 1 0
github.com/konveyor-ecosystem/kantra/cmd/analyze/validate.go:156.36,158.5 1 0
github.com/konveyor-ecosystem/kantra/cmd/analyze/validate.go:161.2,162.53 1 1
github.com/konveyor-ecosystem/kantra/cmd/analyze/validate.go:162.53,164.3 1 0
github.com/konveyor-ecosystem/kantra/cmd/analyze/validate.go:165.2,165.85 1 1
github.com/konveyor-ecosystem/kantra/cmd/analyze/validate.go:165.85,167.3 1 0
github.com/konveyor-ecosystem/kantra/cmd/analyze/validate.go:169.2,169.56 1 1
github.com/konveyor-ecosystem/kantra/cmd/analyze/validate.go:169.56,171.3 1 1
github.com/konveyor-ecosystem/kantra/cmd/analyze/validate.go:172.2,172.55 1 1
github.com/konveyor-ecosystem/kantra/cmd/analyze/validate.go:172.55,174.3 1 1
github.com/konveyor-ecosystem/kantra/cmd/analyze/validate.go:175.2,175.96 1 1
github.com/konveyor-ecosystem/kantra/cmd/analyze/validate.go:175.96,177.3 1 0
github.com/konveyor-ecosystem/kantra/cmd/analyze/validate.go:178.2,178.51 1 1
github.com/konveyor-ecosystem/kantra/cmd/analyze/validate.go:178.51,180.3 1 1
github.com/konveyor-ecosystem/kantra/cmd/analyze/validate.go:181.2,181.30 1 1
github.com/konveyor-ecosystem/kantra/cmd/analyze/validate.go:181.30,183.17 2 1
github.com/konveyor-ecosystem/kantra/cmd/analyze/validate.go:183.17,185.4 1 1
github.com/konveyor-ecosystem/kantra/cmd/analyze/validate.go:186.3,186.20 1 1
github.com/konveyor-ecosystem/kantra/cmd/analyze/validate.go:186.20,188.4 1 1
github.com/konveyor-ecosystem/kantra/cmd/analyze/validate.go:190.2,190.12 1 1
github.com/konveyor-ecosystem/kantra/cmd/analyze/validate.go:193.55,196.16 2 1
github.com/konveyor-ecosystem/kantra/cmd/analyze/validate.go:196.16,197.38 1 1
github.com/konveyor-ecosystem/kantra/cmd/analyze/validate.go:197.38,199.4 1 0
github.com/konveyor-ecosystem/kantra/cmd/analyze/validate.go:201.2,201.12 1 1
github.com/konveyor-ecosystem/kantra/cmd/analyze/validate.go:201.12,203.22 2 1
github.com/konveyor-ecosystem/kantra/cmd/analyze/validate.go:203.22,205.4 1 1
github.com/konveyor-ecosystem/kantra/cmd/analyze/validate.go:206.3,207.27 2 1
github.com/konveyor-ecosystem/kantra/cmd/analyze/validate.go:207.27,209.4 1 1
github.com/konveyor-ecosystem/kantra/cmd/analyze/validate.go:210.8,211.34 1 1
github.com/konveyor-ecosystem/kantra/cmd/analyze/validate.go:211.34,213.4 1 1
github.com/konveyor-ecosystem/kantra/cmd/analyze/validate.go:215.2,215.32 1 1
github.com/konveyor-ecosystem/kantra/cmd/analyze/validate.go:215.32,217.17 2 1
github.com/konveyor-ecosystem/kantra/cmd/analyze/validate.go:217.17,219.4 1 0
github.com/konveyor-ecosystem/kantra/cmd/analyze/validate.go:221.2,221.12 1 1
github.com/konveyor-ecosystem/kantra/cmd/analyze/validate.go:224.84,225.24 1 1
github.com/konveyor-ecosystem/kantra/cmd/analyze/validate.go:225.24,227.17 2 1
github.com/konveyor-ecosystem/kantra/cmd/analyze/validate.go:227.17,229.4 1 1
github.com/konveyor-ecosystem/kantra/cmd/analyze/validate.go:230.3,230.20 1 1
github.com/konveyor-ecosystem/kantra/cmd/analyze/validate.go:230.20,232.4 1 1
github.com/konveyor-ecosystem/kantra/cmd/analyze/validate.go:233.3,233.62 1 1
github.com/konveyor-ecosystem/kantra/cmd/analyze/validate.go:234.8,234.26 1 1
github.com/konveyor-ecosystem/kantra/cmd/analyze/validate.go:234.26,236.17 2 1
github.com/konveyor-ecosystem/kantra/cmd/analyze/validate.go:236.17,238.4 1 0
github.com/konveyor-ecosystem/kantra/cmd/analyze/validate.go:239.3,239.20 1 1
github.com/konveyor-ecosystem/kantra/cmd/analyze/validate.go:239.20,241.4 1 1
github.com/konveyor-ecosystem/kantra/cmd/analyze/validate.go:242.3,244.17 3 1
github.com/konveyor-ecosystem/kantra/cmd/analyze/validate.go:244.17,246.4 1 1
github.com/konveyor-ecosystem/kantra/cmd/analyze/validate.go:247.3,247.22 1 1
github.com/konveyor-ecosystem/kantra/cmd/analyze/validate.go:247.22,249.4 1 1
github.com/konveyor-ecosystem/kantra/cmd/analyze/validate.go:251.2,251.25 1 1
github.com/konveyor-ecosystem/kantra/cmd/analyze/validate.go:251.25,253.3 1 1
github.com/konveyor-ecosystem/kantra/cmd/analyze/validate.go:254.2,255.16 2 1
github.com/konveyor-ecosystem/kantra/cmd/analyze/validate.go:255.16,257.3 1 1
github.com/konveyor-ecosystem/kantra/cmd/analyze/validate.go:259.2,259.26 1 1
github.com/konveyor-ecosystem/kantra/cmd/analyze/validate.go:262.101,270.33 2 1
github.com/konveyor-ecosystem/kantra/cmd/analyze/validate.go:270.33,272.26 1 1
github.com/konveyor-ecosystem/kantra/cmd/analyze/validate.go:272.26,273.12 1 1
github.com/konveyor-ecosystem/kantra/cmd/analyze/validate.go:276.3,276.41 1 1
github.com/konveyor-ecosystem/kantra/cmd/analyze/validate.go:276.41,278.4 1 1
github.com/konveyor-ecosystem/kantra/cmd/analyze/validate.go:280.2,280.12 1 1
github.com/konveyor-ecosystem/kantra/cmd/analyze/validate.go:283.67,285.16 2 1
github.com/konveyor-ecosystem/kantra/cmd/analyze/validate.go:285.16,287.3 1 1
github.com/konveyor-ecosystem/kantra/cmd/analyze/validate.go:288.2,288.18 1 1
github.com/konveyor-ecosystem/kantra/cmd/analyze/validate.go:288.18,289.87 1 1
github.com/konveyor-ecosystem/kantra/cmd/analyze/validate.go:289.87,290.17 1 1
github.com/konveyor-ecosystem/kantra/cmd/analyze/validate.go:290.17,292.5 1 1
github.com/konveyor-ecosystem/kantra/cmd/analyze/validate.go:293.4,294.39 2 1
github.com/konveyor-ecosystem/kantra/cmd/analyze/validate.go:294.39,296.5 1 1
github.com/konveyor-ecosystem/kantra/cmd/analyze/validate.go:297.4,297.14 1 1
github.com/konveyor-ecosystem/kantra/cmd/analyze/validate.go:299.8,301.38 2 1
github.com/konveyor-ecosystem/kantra/cmd/analyze/validate.go:301.38,303.4 1 1
github.com/konveyor-ecosystem/kantra/cmd/analyze/validate.go:305.2,305.12 1 1
github.com/konveyor-ecosystem/kantra/cmd/internal/settings/settings.go:53.31,54.44 1 1
github.com/konveyor-ecosystem/kantra/cmd/internal/settings/settings.go:54.44,56.3 1 0
github.com/konveyor-ecosystem/kantra/cmd/internal/settings/settings.go:57.2,57.49 1 1
github.com/konveyor-ecosystem/kantra/cmd/internal/settings/settings.go:57.49,59.3 1 0
github.com/konveyor-ecosystem/kantra/cmd/internal/settings/settings.go:60.2,60.42 1 1
github.com/konveyor-ecosystem/kantra/cmd/internal/settings/settings.go:60.42,62.3 1 0
github.com/konveyor-ecosystem/kantra/cmd/internal/settings/settings.go:63.2,63.42 1 1
github.com/konveyor-ecosystem/kantra/cmd/internal/settings/settings.go:63.42,65.3 1 0
github.com/konveyor-ecosystem/kantra/cmd/internal/settings/settings.go:66.2,67.16 2 1
github.com/konveyor-ecosystem/kantra/cmd/internal/settings/settings.go:67.16,69.3 1 0
github.com/konveyor-ecosystem/kantra/cmd/internal/settings/settings.go:70.2,70.12 1 1
github.com/konveyor-ecosystem/kantra/cmd/internal/settings/settings.go:73.47,75.39 1 1
github.com/konveyor-ecosystem/kantra/cmd/internal/settings/settings.go:75.39,77.3 1 1
github.com/konveyor-ecosystem/kantra/cmd/internal/settings/settings.go:78.2,79.21 2 1
[...]
github.com/konveyor-ecosystem/kantra/cmd/config/config.go:379.9,379.22 1 1
github.com/konveyor-ecosystem/kantra/cmd/config/config.go:379.22,381.4 1 1
github.com/konveyor-ecosystem/kantra/cmd/config/config.go:382.3,382.51 1 1
github.com/konveyor-ecosystem/kantra/cmd/config/config.go:384.2,385.16 2 1
github.com/konveyor-ecosystem/kantra/cmd/config/config.go:385.16,387.3 1 0
github.com/konveyor-ecosystem/kantra/cmd/config/config.go:389.2,389.60 1 1
github.com/konveyor-ecosystem/kantra/cmd/config/config.go:389.60,392.64 2 1
github.com/konveyor-ecosystem/kantra/cmd/config/config.go:392.64,394.4 1 1
github.com/konveyor-ecosystem/kantra/cmd/config/config.go:395.3,395.62 1 0
github.com/konveyor-ecosystem/kantra/cmd/config/config.go:398.2,398.18 1 1
github.com/konveyor-ecosystem/kantra/cmd/config/config.go:401.76,404.16 3 1
github.com/konveyor-ecosystem/kantra/cmd/config/config.go:404.16,406.3 1 0
github.com/konveyor-ecosystem/kantra/cmd/config/config.go:407.2,407.28 1 1
github.com/konveyor-ecosystem/kantra/cmd/config/config.go:407.28,409.3 1 1
github.com/konveyor-ecosystem/kantra/cmd/config/config.go:411.2,411.18 1 1
github.com/konveyor-ecosystem/kantra/cmd/config/config.go:414.51,415.18 1 1
github.com/konveyor-ecosystem/kantra/cmd/config/config.go:415.18,417.3 1 1
github.com/konveyor-ecosystem/kantra/cmd/config/config.go:418.2,419.16 2 1
github.com/konveyor-ecosystem/kantra/cmd/config/config.go:419.16,421.3 1 1
github.com/konveyor-ecosystem/kantra/cmd/config/config.go:422.2,422.28 1 1
github.com/konveyor-ecosystem/kantra/cmd/config/config.go:422.28,424.3 1 1
github.com/konveyor-ecosystem/kantra/cmd/config/config.go:426.2,426.12 1 1
github.com/konveyor-ecosystem/kantra/cmd/config/config.go:429.75,430.48 1 1
github.com/konveyor-ecosystem/kantra/cmd/config/config.go:430.48,432.3 1 0
github.com/konveyor-ecosystem/kantra/cmd/config/config.go:433.2,434.16 2 1
github.com/konveyor-ecosystem/kantra/cmd/config/config.go:434.16,436.3 1 0
github.com/konveyor-ecosystem/kantra/cmd/config/config.go:438.2,439.20 2 1
github.com/konveyor-ecosystem/kantra/cmd/config/config.go:439.20,441.3 1 0
github.com/konveyor-ecosystem/kantra/cmd/config/config.go:441.8,443.3 1 1
github.com/konveyor-ecosystem/kantra/cmd/config/config.go:445.2,446.16 2 1
github.com/konveyor-ecosystem/kantra/cmd/config/config.go:446.16,448.3 1 0
github.com/konveyor-ecosystem/kantra/cmd/config/config.go:449.2,450.16 2 1
github.com/konveyor-ecosystem/kantra/cmd/config/config.go:450.16,452.3 1 1
github.com/konveyor-ecosystem/kantra/cmd/config/config.go:454.2,455.16 2 1
github.com/konveyor-ecosystem/kantra/cmd/config/config.go:455.16,457.3 1 0
github.com/konveyor-ecosystem/kantra/cmd/config/config.go:459.2,459.20 1 1
github.com/konveyor-ecosystem/kantra/cmd/config/config.go:459.20,461.28 2 0
github.com/konveyor-ecosystem/kantra/cmd/config/config.go:461.28,462.30 1 0
github.com/konveyor-ecosystem/kantra/cmd/config/config.go:462.30,464.5 1 0
github.com/konveyor-ecosystem/kantra/cmd/config/config.go:466.3,466.17 1 0
github.com/konveyor-ecosystem/kantra/cmd/config/config.go:469.2,469.20 1 1
github.com/konveyor-ecosystem/kantra/cmd/config/config.go:469.20,471.3 1 0
github.com/konveyor-ecosystem/kantra/cmd/config/config.go:473.2,473.19 1 1
github.com/konveyor-ecosystem/kantra/cmd/config/config.go:473.19,475.21 2 0
github.com/konveyor-ecosystem/kantra/cmd/config/config.go:475.21,477.4 1 0
github.com/konveyor-ecosystem/kantra/cmd/config/config.go:478.3,478.92 1 0
github.com/konveyor-ecosystem/kantra/cmd/config/config.go:480.2,481.20 2 1
github.com/konveyor-ecosystem/kantra/cmd/config/config.go:481.20,483.67 1 1
github.com/konveyor-ecosystem/kantra/cmd/config/config.go:483.67,485.33 2 1
github.com/konveyor-ecosystem/kantra/cmd/config/config.go:485.33,487.5 1 1
github.com/konveyor-ecosystem/kantra/cmd/config/config.go:488.4,488.95 1 1
github.com/konveyor-ecosystem/kantra/cmd/config/config.go:490.3,490.97 1 1
github.com/konveyor-ecosystem/kantra/cmd/config/config.go:490.97,492.4 1 0
github.com/konveyor-ecosystem/kantra/cmd/config/config.go:493.8,494.33 1 0
github.com/konveyor-ecosystem/kantra/cmd/config/config.go:494.33,496.4 1 0
github.com/konveyor-ecosystem/kantra/cmd/config/config.go:498.2,498.25 1 1
github.com/konveyor-ecosystem/kantra/cmd/config/config.go:501.78,505.16 3 1
github.com/konveyor-ecosystem/kantra/cmd/config/config.go:505.16,507.3 1 1
github.com/konveyor-ecosystem/kantra/cmd/config/config.go:509.2,509.18 1 1
github.com/konveyor-ecosystem/kantra/cmd/config/config.go:512.60,515.21 3 1
github.com/konveyor-ecosystem/kantra/cmd/config/config.go:515.21,517.3 1 1
github.com/konveyor-ecosystem/kantra/cmd/config/config.go:518.2,519.57 2 1
github.com/konveyor-ecosystem/kantra/cmd/config/config.go:519.57,521.3 1 0
github.com/konveyor-ecosystem/kantra/cmd/config/config.go:522.2,522.18 1 1
github.com/konveyor-ecosystem/kantra/cmd/config/config.go:525.98,527.16 2 1
github.com/konveyor-ecosystem/kantra/cmd/config/config.go:527.16,529.3 1 0
github.com/konveyor-ecosystem/kantra/cmd/config/config.go:530.2,532.16 3 1
github.com/konveyor-ecosystem/kantra/cmd/config/config.go:532.16,534.3 1 0
github.com/konveyor-ecosystem/kantra/cmd/config/config.go:535.2,536.16 2 1
github.com/konveyor-ecosystem/kantra/cmd/config/config.go:536.16,538.3 1 1
github.com/konveyor-ecosystem/kantra/cmd/config/config.go:539.2,540.56 2 1
github.com/konveyor-ecosystem/kantra/cmd/config/config.go:540.56,542.3 1 0
github.com/konveyor-ecosystem/kantra/cmd/config/config.go:544.2,544.22 1 1
github.com/konveyor-ecosystem/kantra/cmd/config/config.go:547.66,549.16 2 1
github.com/konveyor-ecosystem/kantra/cmd/config/config.go:549.16,551.3 1 0
github.com/konveyor-ecosystem/kantra/cmd/config/config.go:552.2,553.20 2 1
github.com/konveyor-ecosystem/kantra/cmd/config/config.go:553.20,555.3 1 0
github.com/konveyor-ecosystem/kantra/cmd/config/config.go:556.2,559.16 4 1
github.com/konveyor-ecosystem/kantra/cmd/config/config.go:559.16,561.3 1 0
github.com/konveyor-ecosystem/kantra/cmd/config/config.go:563.2,565.16 3 1
github.com/konveyor-ecosystem/kantra/cmd/config/config.go:565.16,567.3 1 0
github.com/konveyor-ecosystem/kantra/cmd/config/config.go:569.2,569.60 1 1
github.com/konveyor-ecosystem/kantra/cmd/config/config.go:572.100,574.28 2 1
github.com/konveyor-ecosystem/kantra/cmd/config/config.go:574.28,577.3 2 1
github.com/konveyor-ecosystem/kantra/cmd/config/config.go:579.2,580.16 2 1
github.com/konveyor-ecosystem/kantra/cmd/config/config.go:580.16,582.3 1 0
github.com/konveyor-ecosystem/kantra/cmd/config/config.go:583.2,586.16 3 1
github.com/konveyor-ecosystem/kantra/cmd/config/config.go:586.16,588.3 1 0
github.com/konveyor-ecosystem/kantra/cmd/config/config.go:589.2,593.16 4 1
github.com/konveyor-ecosystem/kantra/cmd/config/config.go:593.16,595.3 1 0
github.com/konveyor-ecosystem/kantra/cmd/config/config.go:596.2,597.16 2 1
github.com/konveyor-ecosystem/kantra/cmd/config/config.go:597.16,600.3 1 0
github.com/konveyor-ecosystem/kantra/cmd/config/config.go:601.2,603.12 2 1
github.com/konveyor-ecosystem/kantra/cmd/config/config.go:606.69,608.16 2 1
github.com/konveyor-ecosystem/kantra/cmd/config/config.go:608.16,610.3 1 1
github.com/konveyor-ecosystem/kantra/cmd/config/config.go:611.2,615.46 2 1
github.com/konveyor-ecosystem/kantra/cmd/config/config.go:615.46,617.3 1 0
github.com/konveyor-ecosystem/kantra/cmd/config/config.go:618.2,618.51 1 1
github.com/konveyor-ecosystem/kantra/cmd/config/config.go:618.51,620.3 1 0
github.com/konveyor-ecosystem/kantra/cmd/config/config.go:621.2,625.33 5 1
github.com/konveyor-ecosystem/kantra/cmd/config/config.go:625.33,627.3 1 0
github.com/konveyor-ecosystem/kantra/cmd/config/config.go:629.2,630.54 2 1
github.com/konveyor-ecosystem/kantra/cmd/config/config.go:630.54,632.17 2 1
github.com/konveyor-ecosystem/kantra/cmd/config/config.go:632.17,634.4 1 0
github.com/konveyor-ecosystem/kantra/cmd/config/config.go:635.3,636.22 2 1
github.com/konveyor-ecosystem/kantra/cmd/config/config.go:637.8,639.3 1 1
github.com/konveyor-ecosystem/kantra/cmd/config/config.go:641.2,642.6 2 1
github.com/konveyor-ecosystem/kantra/cmd/config/config.go:642.6,644.20 2 1
github.com/konveyor-ecosystem/kantra/cmd/config/config.go:644.20,645.9 1 1
github.com/konveyor-ecosystem/kantra/cmd/config/config.go:647.3,647.17 1 1
github.com/konveyor-ecosystem/kantra/cmd/config/config.go:647.17,649.4 1 0
github.com/konveyor-ecosystem/kantra/cmd/config/config.go:650.3,651.87 2 1
github.com/konveyor-ecosystem/kantra/cmd/config/config.go:651.87,653.4 1 0
github.com/konveyor-ecosystem/kantra/cmd/config/config.go:654.3,654.26 1 1
github.com/konveyor-ecosystem/kantra/cmd/config/config.go:655.20,657.18 2 1
github.com/konveyor-ecosystem/kantra/cmd/config/config.go:657.18,659.5 1 0
github.com/konveyor-ecosystem/kantra/cmd/config/config.go:660.20,663.18 3 1
github.com/konveyor-ecosystem/kantra/cmd/config/config.go:663.18,665.5 1 0
github.com/konveyor-ecosystem/kantra/cmd/config/config.go:666.4,667.18 2 1
github.com/konveyor-ecosystem/kantra/cmd/config/config.go:667.18,669.5 1 0
github.com/konveyor-ecosystem/kantra/cmd/config/config.go:670.4,672.18 3 1
github.com/konveyor-ecosystem/kantra/cmd/config/config.go:672.18,674.5 1 0
github.com/konveyor-ecosystem/kantra/cmd/config/config.go:675.4,676.18 2 1
github.com/konveyor-ecosystem/kantra/cmd/config/config.go:676.18,678.5 1 0
github.com/konveyor-ecosystem/kantra/cmd/config/config.go:681.2,682.12 2 1
github.com/konveyor-ecosystem/kantra/cmd/config/config.go:685.42,687.16 2 1
github.com/konveyor-ecosystem/kantra/cmd/config/config.go:687.16,689.3 1 1
github.com/konveyor-ecosystem/kantra/cmd/config/config.go:690.2,690.12 1 1
github.com/konveyor-ecosystem/kantra/cmd/config/login.go:51.50,58.55 3 1
github.com/konveyor-ecosystem/kantra/cmd/config/login.go:58.55,59.66 1 0
github.com/konveyor-ecosystem/kantra/cmd/config/login.go:59.66,61.5 1 0
github.com/konveyor-ecosystem/kantra/cmd/config/login.go:62.4,62.21 1 0
github.com/konveyor-ecosystem/kantra/cmd/config/login.go:62.21,64.5 1 0
github.com/konveyor-ecosystem/kantra/cmd/config/login.go:65.4,65.21 1 0
github.com/konveyor-ecosystem/kantra/cmd/config/login.go:65.21,67.5 1 0
github.com/konveyor-ecosystem/kantra/cmd/config/login.go:68.4,68.21 1 0
github.com/konveyor-ecosystem/kantra/cmd/config/login.go:68.21,70.5 1 0
github.com/konveyor-ecosystem/kantra/cmd/config/login.go:72.4,72.30 1 0
github.com/konveyor-ecosystem/kantra/cmd/config/login.go:76.2,78.21 2 1
github.com/konveyor-ecosystem/kantra/cmd/config/login.go:81.53,84.18 3 0
github.com/konveyor-ecosystem/kantra/cmd/config/login.go:84.18,86.56 2 0
github.com/konveyor-ecosystem/kantra/cmd/config/login.go:86.56,88.4 1 0
github.com/konveyor-ecosystem/kantra/cmd/config/login.go:89.3,89.19 1 0
github.com/konveyor-ecosystem/kantra/cmd/config/login.go:89.19,91.4 1 0
github.com/konveyor-ecosystem/kantra/cmd/config/login.go:93.2,93.18 1 0
github.com/konveyor-ecosystem/kantra/cmd/config/login.go:93.18,95.56 2 0
github.com/konveyor-ecosystem/kantra/cmd/config/login.go:95.56,97.4 1 0
github.com/konveyor-ecosystem/kantra/cmd/config/login.go:98.3,98.19 1 0
github.com/konveyor-ecosystem/kantra/cmd/config/login.go:98.19,100.4 1 0
github.com/konveyor-ecosystem/kantra/cmd/config/login.go:102.2,102.22 1 0
github.com/konveyor-ecosystem/kantra/cmd/config/login.go:102.22,105.17 3 0
github.com/konveyor-ecosystem/kantra/cmd/config/login.go:105.17,107.4 1 0
github.com/konveyor-ecosystem/kantra/cmd/config/login.go:108.3,109.16 2 0
github.com/konveyor-ecosystem/kantra/cmd/config/login.go:112.2,112.85 1 0
github.com/konveyor-ecosystem/kantra/cmd/config/login.go:112.85,114.3 1 0
github.com/konveyor-ecosystem/kantra/cmd/config/login.go:115.2,115.55 1 0
github.com/konveyor-ecosystem/kantra/cmd/config/login.go:115.55,117.3 1 0
github.com/konveyor-ecosystem/kantra/cmd/config/login.go:118.2,119.16 2 0
github.com/konveyor-ecosystem/kantra/cmd/config/login.go:119.16,121.3 1 0
github.com/konveyor-ecosystem/kantra/cmd/config/login.go:122.2,122.49 1 0
github.com/konveyor-ecosystem/kantra/cmd/config/login.go:122.49,124.3 1 0
github.com/konveyor-ecosystem/kantra/cmd/config/login.go:126.2,127.12 2 0
github.com/konveyor-ecosystem/kantra/cmd/config/login.go:130.96,134.16 2 0
github.com/konveyor-ecosystem/kantra/cmd/config/login.go:134.16,139.3 2 0
github.com/konveyor-ecosystem/kantra/cmd/config/login.go:140.2,141.16 2 0
github.com/konveyor-ecosystem/kantra/cmd/config/login.go:141.16,143.3 1 0
github.com/konveyor-ecosystem/kantra/cmd/config/login.go:144.2,151.16 4 0
github.com/konveyor-ecosystem/kantra/cmd/config/login.go:151.16,153.3 1 0
github.com/konveyor-ecosystem/kantra/cmd/config/login.go:154.2,155.16 2 0
github.com/konveyor-ecosystem/kantra/cmd/config/login.go:155.16,157.3 1 0
github.com/konveyor-ecosystem/kantra/cmd/config/login.go:158.2,163.16 4 0
github.com/konveyor-ecosystem/kantra/cmd/config/login.go:163.16,165.3 1 0
github.com/konveyor-ecosystem/kantra/cmd/config/login.go:166.2,169.16 3 0
github.com/konveyor-ecosystem/kantra/cmd/config/login.go:169.16,171.3 1 0
github.com/konveyor-ecosystem/kantra/cmd/config/login.go:172.2,172.79 1 0
github.com/konveyor-ecosystem/kantra/cmd/config/login.go:172.79,174.3 1 0
github.com/konveyor-ecosystem/kantra/cmd/config/login.go:175.2,176.57 2 0
github.com/konveyor-ecosystem/kantra/cmd/config/login.go:176.57,178.3 1 0
github.com/konveyor-ecosystem/kantra/cmd/config/login.go:179.2,179.27 1 0
github.com/konveyor-ecosystem/kantra/cmd/config/login.go:179.27,181.3 1 0
github.com/konveyor-ecosystem/kantra/cmd/config/login.go:182.2,184.24 2 0
github.com/konveyor-ecosystem/kantra/cmd/config/login.go:187.102,191.16 2 1
github.com/konveyor-ecosystem/kantra/cmd/config/login.go:191.16,196.3 2 0
github.com/konveyor-ecosystem/kantra/cmd/config/login.go:197.2,198.16 2 1
github.com/konveyor-ecosystem/kantra/cmd/config/login.go:198.16,200.3 1 0
github.com/konveyor-ecosystem/kantra/cmd/config/login.go:201.2,203.34 2 1
github.com/konveyor-ecosystem/kantra/cmd/config/login.go:203.34,205.3 1 0
github.com/konveyor-ecosystem/kantra/cmd/config/login.go:206.2,210.16 3 1
github.com/konveyor-ecosystem/kantra/cmd/config/login.go:210.16,212.3 1 0
github.com/konveyor-ecosystem/kantra/cmd/config/login.go:214.2,215.16 2 1
github.com/konveyor-ecosystem/kantra/cmd/config/login.go:215.16,217.3 1 0
github.com/konveyor-ecosystem/kantra/cmd/config/login.go:218.2,221.16 3 1
github.com/konveyor-ecosystem/kantra/cmd/config/login.go:221.16,223.3 1 0
github.com/konveyor-ecosystem/kantra/cmd/config/login.go:224.2,227.16 3 1
github.com/konveyor-ecosystem/kantra/cmd/config/login.go:227.16,229.3 1 0
github.com/konveyor-ecosystem/kantra/cmd/config/login.go:231.2,231.79 1 1
github.com/konveyor-ecosystem/kantra/cmd/config/login.go:231.79,233.3 1 1
github.com/konveyor-ecosystem/kantra/cmd/config/login.go:235.2,236.60 2 1
github.com/konveyor-ecosystem/kantra/cmd/config/login.go:236.60,238.3 1 0
github.com/konveyor-ecosystem/kantra/cmd/config/login.go:239.2,239.29 1 1
github.com/konveyor-ecosystem/kantra/cmd/config/login.go:239.29,241.3 1 0
github.com/konveyor-ecosystem/kantra/cmd/config/login.go:243.2,243.27 1 1
github.com/konveyor-ecosystem/kantra/cmd/config/login.go:246.68,248.16 2 1
github.com/konveyor-ecosystem/kantra/cmd/config/login.go:248.16,250.3 1 0
github.com/konveyor-ecosystem/kantra/cmd/config/login.go:251.2,252.53 2 1
github.com/konveyor-ecosystem/kantra/cmd/config/login.go:252.53,254.3 1 0
github.com/konveyor-ecosystem/kantra/cmd/config/login.go:256.2,258.16 3 1
github.com/konveyor-ecosystem/kantra/cmd/config/login.go:258.16,260.3 1 0
github.com/konveyor-ecosystem/kantra/cmd/config/login.go:261.2,261.64 1 1
github.com/konveyor-ecosystem/kantra/cmd/config/login.go:261.64,263.3 1 0
github.com/konveyor-ecosystem/kantra/cmd/config/login.go:264.2,264.12 1 1
github.com/konveyor-ecosystem/kantra/cmd/config/login.go:267.49,269.16 2 1
github.com/konveyor-ecosystem/kantra/cmd/config/login.go:269.16,271.3 1 0
github.com/konveyor-ecosystem/kantra/cmd/config/login.go:272.2,274.16 3 1
github.com/konveyor-ecosystem/kantra/cmd/config/login.go:274.16,275.25 1 1
github.com/konveyor-ecosystem/kantra/cmd/config/login.go:275.25,277.4 1 1
github.com/konveyor-ecosystem/kantra/cmd/config/login.go:278.3,278.18 1 0
github.com/konveyor-ecosystem/kantra/cmd/config/login.go:280.2,281.57 2 1
github.com/konveyor-ecosystem/kantra/cmd/config/login.go:281.57,283.3 1 0
github.com/konveyor-ecosystem/kantra/cmd/config/login.go:285.2,285.24 1 1
github.com/konveyor-ecosystem/kantra/cmd/config/login.go:288.91,295.16 3 1
github.com/konveyor-ecosystem/kantra/cmd/config/login.go:295.16,297.3 1 1
github.com/konveyor-ecosystem/kantra/cmd/config/login.go:298.2,298.56 1 1
github.com/konveyor-ecosystem/kantra/cmd/config/login.go:298.56,300.3 1 0
github.com/konveyor-ecosystem/kantra/cmd/config/login.go:302.2,302.12 1 1
github.com/konveyor-ecosystem/kantra/cmd/config/login.go:305.49,306.17 1 1
github.com/konveyor-ecosystem/kantra/cmd/config/login.go:306.17,308.3 1 0
github.com/konveyor-ecosystem/kantra/cmd/config/login.go:309.2,312.16 4 1
github.com/konveyor-ecosystem/kantra/cmd/config/login.go:312.16,314.3 1 0
github.com/konveyor-ecosystem/kantra/cmd/config/login.go:315.2,315.34 1 1
github.com/konveyor-ecosystem/kantra/cmd/config/login.go:315.34,316.40 1 1
github.com/konveyor-ecosystem/kantra/cmd/config/login.go:316.40,319.4 2 1
github.com/konveyor-ecosystem/kantra/cmd/config/login.go:320.3,320.71 1 0
github.com/konveyor-ecosystem/kantra/cmd/config/login.go:323.2,323.19 1 0
github.com/konveyor-ecosystem/kantra/cmd/asset_generation/generate/helm/cmd.go:25.61,29.55 1 1
github.com/konveyor-ecosystem/kantra/cmd/asset_generation/generate/helm/cmd.go:29.55,31.4 1 1
github.com/konveyor-ecosystem/kantra/cmd/asset_generation/generate/helm/cmd.go:33.2,47.12 11 1
github.com/konveyor-ecosystem/kantra/cmd/asset_generation/generate/helm/cmd.go:50.32,53.16 2 1
github.com/konveyor-ecosystem/kantra/cmd/asset_generation/generate/helm/cmd.go:53.16,55.3 1 1
github.com/konveyor-ecosystem/kantra/cmd/asset_generation/generate/helm/cmd.go:56.2,56.24 1 1
github.com/konveyor-ecosystem/kantra/cmd/asset_generation/generate/helm/cmd.go:56.24,58.17 2 1
github.com/konveyor-ecosystem/kantra/cmd/asset_generation/generate/helm/cmd.go:58.17,60.4 1 1
github.com/konveyor-ecosystem/kantra/cmd/asset_generation/generate/helm/cmd.go:63.2,70.16 4 1
github.com/konveyor-ecosystem/kantra/cmd/asset_generation/generate/helm/cmd.go:70.16,72.3 1 1
github.com/konveyor-ecosystem/kantra/cmd/asset_generation/generate/helm/cmd.go:74.2,76.21 2 1
github.com/konveyor-ecosystem/kantra/cmd/asset_generation/generate/helm/cmd.go:76.21,78.17 2 1
github.com/konveyor-ecosystem/kantra/cmd/asset_generation/generate/helm/cmd.go:78.17,80.4 1 0
github.com/konveyor-ecosystem/kantra/cmd/asset_generation/generate/helm/cmd.go:81.3,81.44 1 1
github.com/konveyor-ecosystem/kantra/cmd/asset_generation/generate/helm/cmd.go:81.44,83.18 2 1
github.com/konveyor-ecosystem/kantra/cmd/asset_generation/generate/helm/cmd.go:83.18,85.5 1 0
github.com/konveyor-ecosystem/kantra/cmd/asset_generation/generate/helm/cmd.go:87.8,88.44 1 1
github.com/konveyor-ecosystem/kantra/cmd/asset_generation/generate/helm/cmd.go:88.44,91.18 3 1
github.com/konveyor-ecosystem/kantra/cmd/asset_generation/generate/helm/cmd.go:91.18,93.5 1 0
github.com/konveyor-ecosystem/kantra/cmd/asset_generation/generate/helm/cmd.go:96.2,96.12 1 1
github.com/konveyor-ecosystem/kantra/cmd/asset_generation/generate/helm/cmd.go:99.53,101.16 2 1
github.com/konveyor-ecosystem/kantra/cmd/asset_generation/generate/helm/cmd.go:101.16,103.3 1 1
github.com/konveyor-ecosystem/kantra/cmd/asset_generation/generate/helm/cmd.go:104.2,106.15 3 1
github.com/konveyor-ecosystem/kantra/cmd/asset_generation/generate/helm/cmd.go:109.63,111.34 1 1
github.com/konveyor-ecosystem/kantra/cmd/asset_generation/generate/helm/cmd.go:111.34,112.56 1 1
github.com/konveyor-ecosystem/kantra/cmd/asset_generation/generate/helm/cmd.go:112.56,114.4 1 1
github.com/konveyor-ecosystem/kantra/cmd/asset_generation/generate/helm/cmd.go:116.2,116.18 1 1
